Timing Analyzer report for top
Wed Jun 23 22:24:51 2021
Quartus Prime Version 18.1.1 Build 646 04/11/2019 SJ Lite Edition


---------------------
; Table of Contents ;
---------------------
  1. Legal Notice
  2. Timing Analyzer Summary
  3. Parallel Compilation
  4. SDC File List
  5. Clocks
  6. Slow 1100mV 85C Model Fmax Summary
  7. Timing Closure Recommendations
  8. Slow 1100mV 85C Model Setup Summary
  9. Slow 1100mV 85C Model Hold Summary
 10. Slow 1100mV 85C Model Recovery Summary
 11. Slow 1100mV 85C Model Removal Summary
 12. Slow 1100mV 85C Model Minimum Pulse Width Summary
 13. Slow 1100mV 85C Model Metastability Summary
 14. Slow 1100mV 0C Model Fmax Summary
 15. Slow 1100mV 0C Model Setup Summary
 16. Slow 1100mV 0C Model Hold Summary
 17. Slow 1100mV 0C Model Recovery Summary
 18. Slow 1100mV 0C Model Removal Summary
 19. Slow 1100mV 0C Model Minimum Pulse Width Summary
 20. Slow 1100mV 0C Model Metastability Summary
 21. Fast 1100mV 85C Model Setup Summary
 22. Fast 1100mV 85C Model Hold Summary
 23. Fast 1100mV 85C Model Recovery Summary
 24. Fast 1100mV 85C Model Removal Summary
 25. Fast 1100mV 85C Model Minimum Pulse Width Summary
 26. Fast 1100mV 85C Model Metastability Summary
 27. Fast 1100mV 0C Model Setup Summary
 28. Fast 1100mV 0C Model Hold Summary
 29. Fast 1100mV 0C Model Recovery Summary
 30. Fast 1100mV 0C Model Removal Summary
 31. Fast 1100mV 0C Model Minimum Pulse Width Summary
 32. Fast 1100mV 0C Model Metastability Summary
 33. Multicorner Timing Analysis Summary
 34. Board Trace Model Assignments
 35. Input Transition Times
 36. Signal Integrity Metrics (Slow 1100mv 0c Model)
 37. Signal Integrity Metrics (Slow 1100mv 85c Model)
 38. Signal Integrity Metrics (Fast 1100mv 0c Model)
 39. Signal Integrity Metrics (Fast 1100mv 85c Model)
 40. Setup Transfers
 41. Hold Transfers
 42. Recovery Transfers
 43. Removal Transfers
 44. Report TCCS
 45. Report RSKM
 46. Unconstrained Paths Summary
 47. Clock Status Summary
 48. Timing Analyzer Messages



----------------
; Legal Notice ;
----------------
Copyright (C) 2019  Intel Corporation. All rights reserved.
Your use of Intel Corporation's design tools, logic functions 
and other software and tools, and any partner logic 
functions, and any output files from any of the foregoing 
(including device programming or simulation files), and any 
associated documentation or information are expressly subject 
to the terms and conditions of the Intel Program License 
Subscription Agreement, the Intel Quartus Prime License Agreement,
the Intel FPGA IP License Agreement, or other applicable license
agreement, including, without limitation, that your use is for
the sole purpose of programming logic devices manufactured by
Intel and sold by Intel or its authorized distributors.  Please
refer to the applicable agreement for further details, at
https://fpgasoftware.intel.com/eula.



+-----------------------------------------------------------------------------+
; Timing Analyzer Summary                                                     ;
+-----------------------+-----------------------------------------------------+
; Quartus Prime Version ; Version 18.1.1 Build 646 04/11/2019 SJ Lite Edition ;
; Timing Analyzer       ; Legacy Timing Analyzer                              ;
; Revision Name         ; top                                                 ;
; Device Family         ; Cyclone V                                           ;
; Device Name           ; 5CGXFC5C6F27C7                                      ;
; Timing Models         ; Final                                               ;
; Delay Model           ; Combined                                            ;
; Rise/Fall Delays      ; Enabled                                             ;
+-----------------------+-----------------------------------------------------+


+------------------------------------------+
; Parallel Compilation                     ;
+----------------------------+-------------+
; Processors                 ; Number      ;
+----------------------------+-------------+
; Number detected on machine ; 4           ;
; Maximum allowed            ; 4           ;
;                            ;             ;
; Average used               ; 1.04        ;
; Maximum used               ; 4           ;
;                            ;             ;
; Usage by Processor         ; % Time Used ;
;     Processor 1            ; 100.0%      ;
;     Processor 2            ;   1.5%      ;
;     Processor 3            ;   1.4%      ;
;     Processor 4            ;   1.4%      ;
+----------------------------+-------------+


+---------------------------------------------------+
; SDC File List                                     ;
+---------------+--------+--------------------------+
; SDC File Path ; Status ; Read at                  ;
+---------------+--------+--------------------------+
; top.sdc       ; OK     ; Wed Jun 23 22:24:45 2021 ;
+---------------+--------+--------------------------+


+----------------------------------------------------------------------------------------------------------------------------------------------------------------------------------------------------------------------------------------------------------------------------------------------------------------------------------------------------------------------------------------------------------------------------------------------------------------------------------------------------------------+
; Clocks                                                                                                                                                                                                                                                                                                                                                                                                                                                                                                         ;
+-------------------------------------------------------------------------------------------------+-----------+--------+-----------+-------+--------+------------+-----------+-------------+-------+--------+-----------+------------+----------+-------------------------------------------------------------------------------------------------+------------------------------------------------------------------------------+-------------------------------------------------------------------------------+
; Clock Name                                                                                      ; Type      ; Period ; Frequency ; Rise  ; Fall   ; Duty Cycle ; Divide by ; Multiply by ; Phase ; Offset ; Edge List ; Edge Shift ; Inverted ; Master                                                                                          ; Source                                                                       ; Targets                                                                       ;
+-------------------------------------------------------------------------------------------------+-----------+--------+-----------+-------+--------+------------+-----------+-------------+-------+--------+-----------+------------+----------+-------------------------------------------------------------------------------------------------+------------------------------------------------------------------------------+-------------------------------------------------------------------------------+
; clk50                                                                                           ; Base      ; 20.000 ; 50.0 MHz  ; 0.000 ; 10.000 ;            ;           ;             ;       ;        ;           ;            ;          ;                                                                                                 ;                                                                              ; { CLK }                                                                       ;
; pll:pixel_clk|pll_0002:pll_inst|altera_pll:altera_pll_i|general[0].gpll~FRACTIONAL_PLL_O_VCOPH0 ; Generated ; 2.343  ; 426.8 MHz ; 0.000 ; 1.171  ; 50.00      ; 256       ; 2185        ;       ;        ;           ;            ; false    ; clk50                                                                                           ; pixel_clk|pll_inst|altera_pll_i|general[0].gpll~FRACTIONAL_PLL|refclkin      ; { pixel_clk|pll_inst|altera_pll_i|general[0].gpll~FRACTIONAL_PLL|vcoph[0] }   ;
; pll:pixel_clk|pll_0002:pll_inst|altera_pll:altera_pll_i|outclk_wire[0]                          ; Generated ; 39.835 ; 25.1 MHz  ; 0.000 ; 19.917 ; 50.00      ; 17        ; 1           ;       ;        ;           ;            ; false    ; pll:pixel_clk|pll_0002:pll_inst|altera_pll:altera_pll_i|general[0].gpll~FRACTIONAL_PLL_O_VCOPH0 ; pixel_clk|pll_inst|altera_pll_i|general[0].gpll~PLL_OUTPUT_COUNTER|vco0ph[0] ; { pixel_clk|pll_inst|altera_pll_i|general[0].gpll~PLL_OUTPUT_COUNTER|divclk } ;
+-------------------------------------------------------------------------------------------------+-----------+--------+-----------+-------+--------+------------+-----------+-------------+-------+--------+-----------+------------+----------+-------------------------------------------------------------------------------------------------+------------------------------------------------------------------------------+-------------------------------------------------------------------------------+


+-------------------------------------------------------------------------------------------------------------+
; Slow 1100mV 85C Model Fmax Summary                                                                          ;
+-----------+-----------------+------------------------------------------------------------------------+------+
; Fmax      ; Restricted Fmax ; Clock Name                                                             ; Note ;
+-----------+-----------------+------------------------------------------------------------------------+------+
; 57.87 MHz ; 57.87 MHz       ; pll:pixel_clk|pll_0002:pll_inst|altera_pll:altera_pll_i|outclk_wire[0] ;      ;
+-----------+-----------------+------------------------------------------------------------------------+------+
This panel reports FMAX for every clock in the design, regardless of the user-specified clock periods.  FMAX is only computed for paths where the source and destination registers or ports are driven by the same clock.  Paths of different clocks, including generated clocks, are ignored.  For paths between a clock and its inversion, FMAX is computed as if the rising and falling edges are scaled along with FMAX, such that the duty cycle (in terms of a percentage) is maintained. Altera recommends that you always use clock constraints and other slack reports for sign-off analysis.


----------------------------------
; Timing Closure Recommendations ;
----------------------------------
HTML report is unavailable in plain text report export.


+-------------------------------------------------------------------------------------------------+
; Slow 1100mV 85C Model Setup Summary                                                             ;
+------------------------------------------------------------------------+--------+---------------+
; Clock                                                                  ; Slack  ; End Point TNS ;
+------------------------------------------------------------------------+--------+---------------+
; pll:pixel_clk|pll_0002:pll_inst|altera_pll:altera_pll_i|outclk_wire[0] ; 22.555 ; 0.000         ;
+------------------------------------------------------------------------+--------+---------------+


+------------------------------------------------------------------------------------------------+
; Slow 1100mV 85C Model Hold Summary                                                             ;
+------------------------------------------------------------------------+-------+---------------+
; Clock                                                                  ; Slack ; End Point TNS ;
+------------------------------------------------------------------------+-------+---------------+
; pll:pixel_clk|pll_0002:pll_inst|altera_pll:altera_pll_i|outclk_wire[0] ; 0.836 ; 0.000         ;
+------------------------------------------------------------------------+-------+---------------+


+-------------------------------------------------------------------------------------------------+
; Slow 1100mV 85C Model Recovery Summary                                                          ;
+------------------------------------------------------------------------+--------+---------------+
; Clock                                                                  ; Slack  ; End Point TNS ;
+------------------------------------------------------------------------+--------+---------------+
; pll:pixel_clk|pll_0002:pll_inst|altera_pll:altera_pll_i|outclk_wire[0] ; 30.910 ; 0.000         ;
+------------------------------------------------------------------------+--------+---------------+


+------------------------------------------------------------------------------------------------+
; Slow 1100mV 85C Model Removal Summary                                                          ;
+------------------------------------------------------------------------+-------+---------------+
; Clock                                                                  ; Slack ; End Point TNS ;
+------------------------------------------------------------------------+-------+---------------+
; pll:pixel_clk|pll_0002:pll_inst|altera_pll:altera_pll_i|outclk_wire[0] ; 6.166 ; 0.000         ;
+------------------------------------------------------------------------+-------+---------------+


+--------------------------------------------------------------------------------------------------------------------------+
; Slow 1100mV 85C Model Minimum Pulse Width Summary                                                                        ;
+-------------------------------------------------------------------------------------------------+--------+---------------+
; Clock                                                                                           ; Slack  ; End Point TNS ;
+-------------------------------------------------------------------------------------------------+--------+---------------+
; pll:pixel_clk|pll_0002:pll_inst|altera_pll:altera_pll_i|general[0].gpll~FRACTIONAL_PLL_O_VCOPH0 ; 1.171  ; 0.000         ;
; clk50                                                                                           ; 9.949  ; 0.000         ;
; pll:pixel_clk|pll_0002:pll_inst|altera_pll:altera_pll_i|outclk_wire[0]                          ; 19.043 ; 0.000         ;
+-------------------------------------------------------------------------------------------------+--------+---------------+


-----------------------------------------------
; Slow 1100mV 85C Model Metastability Summary ;
-----------------------------------------------
No synchronizer chains to report.


+-------------------------------------------------------------------------------------------------------------+
; Slow 1100mV 0C Model Fmax Summary                                                                           ;
+-----------+-----------------+------------------------------------------------------------------------+------+
; Fmax      ; Restricted Fmax ; Clock Name                                                             ; Note ;
+-----------+-----------------+------------------------------------------------------------------------+------+
; 59.28 MHz ; 59.28 MHz       ; pll:pixel_clk|pll_0002:pll_inst|altera_pll:altera_pll_i|outclk_wire[0] ;      ;
+-----------+-----------------+------------------------------------------------------------------------+------+
This panel reports FMAX for every clock in the design, regardless of the user-specified clock periods.  FMAX is only computed for paths where the source and destination registers or ports are driven by the same clock.  Paths of different clocks, including generated clocks, are ignored.  For paths between a clock and its inversion, FMAX is computed as if the rising and falling edges are scaled along with FMAX, such that the duty cycle (in terms of a percentage) is maintained. Altera recommends that you always use clock constraints and other slack reports for sign-off analysis.


+-------------------------------------------------------------------------------------------------+
; Slow 1100mV 0C Model Setup Summary                                                              ;
+------------------------------------------------------------------------+--------+---------------+
; Clock                                                                  ; Slack  ; End Point TNS ;
+------------------------------------------------------------------------+--------+---------------+
; pll:pixel_clk|pll_0002:pll_inst|altera_pll:altera_pll_i|outclk_wire[0] ; 22.965 ; 0.000         ;
+------------------------------------------------------------------------+--------+---------------+


+------------------------------------------------------------------------------------------------+
; Slow 1100mV 0C Model Hold Summary                                                              ;
+------------------------------------------------------------------------+-------+---------------+
; Clock                                                                  ; Slack ; End Point TNS ;
+------------------------------------------------------------------------+-------+---------------+
; pll:pixel_clk|pll_0002:pll_inst|altera_pll:altera_pll_i|outclk_wire[0] ; 0.852 ; 0.000         ;
+------------------------------------------------------------------------+-------+---------------+


+-------------------------------------------------------------------------------------------------+
; Slow 1100mV 0C Model Recovery Summary                                                           ;
+------------------------------------------------------------------------+--------+---------------+
; Clock                                                                  ; Slack  ; End Point TNS ;
+------------------------------------------------------------------------+--------+---------------+
; pll:pixel_clk|pll_0002:pll_inst|altera_pll:altera_pll_i|outclk_wire[0] ; 31.392 ; 0.000         ;
+------------------------------------------------------------------------+--------+---------------+


+------------------------------------------------------------------------------------------------+
; Slow 1100mV 0C Model Removal Summary                                                           ;
+------------------------------------------------------------------------+-------+---------------+
; Clock                                                                  ; Slack ; End Point TNS ;
+------------------------------------------------------------------------+-------+---------------+
; pll:pixel_clk|pll_0002:pll_inst|altera_pll:altera_pll_i|outclk_wire[0] ; 5.670 ; 0.000         ;
+------------------------------------------------------------------------+-------+---------------+


+--------------------------------------------------------------------------------------------------------------------------+
; Slow 1100mV 0C Model Minimum Pulse Width Summary                                                                         ;
+-------------------------------------------------------------------------------------------------+--------+---------------+
; Clock                                                                                           ; Slack  ; End Point TNS ;
+-------------------------------------------------------------------------------------------------+--------+---------------+
; pll:pixel_clk|pll_0002:pll_inst|altera_pll:altera_pll_i|general[0].gpll~FRACTIONAL_PLL_O_VCOPH0 ; 1.171  ; 0.000         ;
; clk50                                                                                           ; 9.980  ; 0.000         ;
; pll:pixel_clk|pll_0002:pll_inst|altera_pll:altera_pll_i|outclk_wire[0]                          ; 18.997 ; 0.000         ;
+-------------------------------------------------------------------------------------------------+--------+---------------+


----------------------------------------------
; Slow 1100mV 0C Model Metastability Summary ;
----------------------------------------------
No synchronizer chains to report.


+-------------------------------------------------------------------------------------------------+
; Fast 1100mV 85C Model Setup Summary                                                             ;
+------------------------------------------------------------------------+--------+---------------+
; Clock                                                                  ; Slack  ; End Point TNS ;
+------------------------------------------------------------------------+--------+---------------+
; pll:pixel_clk|pll_0002:pll_inst|altera_pll:altera_pll_i|outclk_wire[0] ; 29.521 ; 0.000         ;
+------------------------------------------------------------------------+--------+---------------+


+------------------------------------------------------------------------------------------------+
; Fast 1100mV 85C Model Hold Summary                                                             ;
+------------------------------------------------------------------------+-------+---------------+
; Clock                                                                  ; Slack ; End Point TNS ;
+------------------------------------------------------------------------+-------+---------------+
; pll:pixel_clk|pll_0002:pll_inst|altera_pll:altera_pll_i|outclk_wire[0] ; 0.350 ; 0.000         ;
+------------------------------------------------------------------------+-------+---------------+


+-------------------------------------------------------------------------------------------------+
; Fast 1100mV 85C Model Recovery Summary                                                          ;
+------------------------------------------------------------------------+--------+---------------+
; Clock                                                                  ; Slack  ; End Point TNS ;
+------------------------------------------------------------------------+--------+---------------+
; pll:pixel_clk|pll_0002:pll_inst|altera_pll:altera_pll_i|outclk_wire[0] ; 33.951 ; 0.000         ;
+------------------------------------------------------------------------+--------+---------------+


+------------------------------------------------------------------------------------------------+
; Fast 1100mV 85C Model Removal Summary                                                          ;
+------------------------------------------------------------------------+-------+---------------+
; Clock                                                                  ; Slack ; End Point TNS ;
+------------------------------------------------------------------------+-------+---------------+
; pll:pixel_clk|pll_0002:pll_inst|altera_pll:altera_pll_i|outclk_wire[0] ; 4.118 ; 0.000         ;
+------------------------------------------------------------------------+-------+---------------+


+--------------------------------------------------------------------------------------------------------------------------+
; Fast 1100mV 85C Model Minimum Pulse Width Summary                                                                        ;
+-------------------------------------------------------------------------------------------------+--------+---------------+
; Clock                                                                                           ; Slack  ; End Point TNS ;
+-------------------------------------------------------------------------------------------------+--------+---------------+
; pll:pixel_clk|pll_0002:pll_inst|altera_pll:altera_pll_i|general[0].gpll~FRACTIONAL_PLL_O_VCOPH0 ; 1.171  ; 0.000         ;
; clk50                                                                                           ; 9.643  ; 0.000         ;
; pll:pixel_clk|pll_0002:pll_inst|altera_pll:altera_pll_i|outclk_wire[0]                          ; 19.462 ; 0.000         ;
+-------------------------------------------------------------------------------------------------+--------+---------------+


-----------------------------------------------
; Fast 1100mV 85C Model Metastability Summary ;
-----------------------------------------------
No synchronizer chains to report.


+-------------------------------------------------------------------------------------------------+
; Fast 1100mV 0C Model Setup Summary                                                              ;
+------------------------------------------------------------------------+--------+---------------+
; Clock                                                                  ; Slack  ; End Point TNS ;
+------------------------------------------------------------------------+--------+---------------+
; pll:pixel_clk|pll_0002:pll_inst|altera_pll:altera_pll_i|outclk_wire[0] ; 30.195 ; 0.000         ;
+------------------------------------------------------------------------+--------+---------------+


+------------------------------------------------------------------------------------------------+
; Fast 1100mV 0C Model Hold Summary                                                              ;
+------------------------------------------------------------------------+-------+---------------+
; Clock                                                                  ; Slack ; End Point TNS ;
+------------------------------------------------------------------------+-------+---------------+
; pll:pixel_clk|pll_0002:pll_inst|altera_pll:altera_pll_i|outclk_wire[0] ; 0.320 ; 0.000         ;
+------------------------------------------------------------------------+-------+---------------+


+-------------------------------------------------------------------------------------------------+
; Fast 1100mV 0C Model Recovery Summary                                                           ;
+------------------------------------------------------------------------+--------+---------------+
; Clock                                                                  ; Slack  ; End Point TNS ;
+------------------------------------------------------------------------+--------+---------------+
; pll:pixel_clk|pll_0002:pll_inst|altera_pll:altera_pll_i|outclk_wire[0] ; 34.144 ; 0.000         ;
+------------------------------------------------------------------------+--------+---------------+


+------------------------------------------------------------------------------------------------+
; Fast 1100mV 0C Model Removal Summary                                                           ;
+------------------------------------------------------------------------+-------+---------------+
; Clock                                                                  ; Slack ; End Point TNS ;
+------------------------------------------------------------------------+-------+---------------+
; pll:pixel_clk|pll_0002:pll_inst|altera_pll:altera_pll_i|outclk_wire[0] ; 4.027 ; 0.000         ;
+------------------------------------------------------------------------+-------+---------------+


+--------------------------------------------------------------------------------------------------------------------------+
; Fast 1100mV 0C Model Minimum Pulse Width Summary                                                                         ;
+-------------------------------------------------------------------------------------------------+--------+---------------+
; Clock                                                                                           ; Slack  ; End Point TNS ;
+-------------------------------------------------------------------------------------------------+--------+---------------+
; pll:pixel_clk|pll_0002:pll_inst|altera_pll:altera_pll_i|general[0].gpll~FRACTIONAL_PLL_O_VCOPH0 ; 1.171  ; 0.000         ;
; clk50                                                                                           ; 9.632  ; 0.000         ;
; pll:pixel_clk|pll_0002:pll_inst|altera_pll:altera_pll_i|outclk_wire[0]                          ; 19.460 ; 0.000         ;
+-------------------------------------------------------------------------------------------------+--------+---------------+


----------------------------------------------
; Fast 1100mV 0C Model Metastability Summary ;
----------------------------------------------
No synchronizer chains to report.


+--------------------------------------------------------------------------------------------------------------------------------------------------------------+
; Multicorner Timing Analysis Summary                                                                                                                          ;
+--------------------------------------------------------------------------------------------------+--------+-------+----------+---------+---------------------+
; Clock                                                                                            ; Setup  ; Hold  ; Recovery ; Removal ; Minimum Pulse Width ;
+--------------------------------------------------------------------------------------------------+--------+-------+----------+---------+---------------------+
; Worst-case Slack                                                                                 ; 22.555 ; 0.320 ; 30.910   ; 4.027   ; 1.171               ;
;  clk50                                                                                           ; N/A    ; N/A   ; N/A      ; N/A     ; 9.632               ;
;  pll:pixel_clk|pll_0002:pll_inst|altera_pll:altera_pll_i|general[0].gpll~FRACTIONAL_PLL_O_VCOPH0 ; N/A    ; N/A   ; N/A      ; N/A     ; 1.171               ;
;  pll:pixel_clk|pll_0002:pll_inst|altera_pll:altera_pll_i|outclk_wire[0]                          ; 22.555 ; 0.320 ; 30.910   ; 4.027   ; 18.997              ;
; Design-wide TNS                                                                                  ; 0.0    ; 0.0   ; 0.0      ; 0.0     ; 0.0                 ;
;  clk50                                                                                           ; N/A    ; N/A   ; N/A      ; N/A     ; 0.000               ;
;  pll:pixel_clk|pll_0002:pll_inst|altera_pll:altera_pll_i|general[0].gpll~FRACTIONAL_PLL_O_VCOPH0 ; N/A    ; N/A   ; N/A      ; N/A     ; 0.000               ;
;  pll:pixel_clk|pll_0002:pll_inst|altera_pll:altera_pll_i|outclk_wire[0]                          ; 0.000  ; 0.000 ; 0.000    ; 0.000   ; 0.000               ;
+--------------------------------------------------------------------------------------------------+--------+-------+----------+---------+---------------------+


+-----------------------------------------------------------------------------------------------------------------------------------------------------------------------------------------------------------------------------------------------------------------------------------------------------------------------------------------------------------------------------------------------------------+
; Board Trace Model Assignments                                                                                                                                                                                                                                                                                                                                                                             ;
+--------+--------------+-------------------+-------------------------+-------------------------+---------------+---------------------+----------------+------------------+--------+------------------+------------------------+------------------------+--------------+---------------+-----------------+-------+---------------------+--------------------+---------------+-----------------+-------------+
; Pin    ; I/O Standard ; Near Tline Length ; Near Tline L per Length ; Near Tline C per Length ; Near Series R ; Near Differential R ; Near Pull-up R ; Near Pull-down R ; Near C ; Far Tline Length ; Far Tline L per Length ; Far Tline C per Length ; Far Series R ; Far Pull-up R ; Far Pull-down R ; Far C ; Termination Voltage ; Far Differential R ; EBD File Name ; EBD Signal Name ; EBD Far-end ;
+--------+--------------+-------------------+-------------------------+-------------------------+---------------+---------------------+----------------+------------------+--------+------------------+------------------------+------------------------+--------------+---------------+-----------------+-------+---------------------+--------------------+---------------+-----------------+-------------+
; VGA_HS ; 3.3-V LVCMOS ; 0 in              ; 0 H/in                  ; 0 F/in                  ; short         ; -                   ; open           ; open             ; open   ; 0 in             ; 0 H/in                 ; 0 F/in                 ; short        ; open          ; open            ; open  ; 0 V                 ; -                  ; n/a           ; n/a             ; n/a         ;
; VGA_VS ; 3.3-V LVCMOS ; 0 in              ; 0 H/in                  ; 0 F/in                  ; short         ; -                   ; open           ; open             ; open   ; 0 in             ; 0 H/in                 ; 0 F/in                 ; short        ; open          ; open            ; open  ; 0 V                 ; -                  ; n/a           ; n/a             ; n/a         ;
; VGA_R  ; 3.3-V LVCMOS ; 0 in              ; 0 H/in                  ; 0 F/in                  ; short         ; -                   ; open           ; open             ; open   ; 0 in             ; 0 H/in                 ; 0 F/in                 ; short        ; open          ; open            ; open  ; 0 V                 ; -                  ; n/a           ; n/a             ; n/a         ;
; VGA_G  ; 3.3-V LVCMOS ; 0 in              ; 0 H/in                  ; 0 F/in                  ; short         ; -                   ; open           ; open             ; open   ; 0 in             ; 0 H/in                 ; 0 F/in                 ; short        ; open          ; open            ; open  ; 0 V                 ; -                  ; n/a           ; n/a             ; n/a         ;
; VGA_B  ; 3.3-V LVCMOS ; 0 in              ; 0 H/in                  ; 0 F/in                  ; short         ; -                   ; open           ; open             ; open   ; 0 in             ; 0 H/in                 ; 0 F/in                 ; short        ; open          ; open            ; open  ; 0 V                 ; -                  ; n/a           ; n/a             ; n/a         ;
+--------+--------------+-------------------+-------------------------+-------------------------+---------------+---------------------+----------------+------------------+--------+------------------+------------------------+------------------------+--------------+---------------+-----------------+-------+---------------------+--------------------+---------------+-----------------+-------------+


+----------------------------------------------------------+
; Input Transition Times                                   ;
+-------+--------------+-----------------+-----------------+
; Pin   ; I/O Standard ; 10-90 Rise Time ; 90-10 Fall Time ;
+-------+--------------+-----------------+-----------------+
; START ; 1.2 V        ; 960 ps          ; 960 ps          ;
; CLK   ; 2.5 V        ; 2000 ps         ; 2000 ps         ;
+-------+--------------+-----------------+-----------------+


+-------------------------------------------------------------------------------------------------------------------------------------------------------------------------------------------------------------------------------------------------------------------------------------------------------------------------------------------------------------------------------------------------------------------------------------------------------------------------------------------------------------------------------------------------------------------------------------------------------------------------------------------------------------------------------------+
; Signal Integrity Metrics (Slow 1100mv 0c Model)                                                                                                                                                                                                                                                                                                                                                                                                                                                                                                                                                                                                                                     ;
+--------+--------------+---------------------+---------------------+------------------------------+------------------------------+---------------------+---------------------+--------------------------------------+--------------------------------------+-----------------------------+-----------------------------+----------------------------+----------------------------+-----------------------------+-----------------------------+--------------------+--------------------+-------------------------------------+-------------------------------------+----------------------------+----------------------------+---------------------------+---------------------------+
; Pin    ; I/O Standard ; Board Delay on Rise ; Board Delay on Fall ; Steady State Voh at FPGA Pin ; Steady State Vol at FPGA Pin ; Voh Max at FPGA Pin ; Vol Min at FPGA Pin ; Ringback Voltage on Rise at FPGA Pin ; Ringback Voltage on Fall at FPGA Pin ; 10-90 Rise Time at FPGA Pin ; 90-10 Fall Time at FPGA Pin ; Monotonic Rise at FPGA Pin ; Monotonic Fall at FPGA Pin ; Steady State Voh at Far-end ; Steady State Vol at Far-end ; Voh Max at Far-end ; Vol Min at Far-end ; Ringback Voltage on Rise at Far-end ; Ringback Voltage on Fall at Far-end ; 10-90 Rise Time at Far-end ; 90-10 Fall Time at Far-end ; Monotonic Rise at Far-end ; Monotonic Fall at Far-end ;
+--------+--------------+---------------------+---------------------+------------------------------+------------------------------+---------------------+---------------------+--------------------------------------+--------------------------------------+-----------------------------+-----------------------------+----------------------------+----------------------------+-----------------------------+-----------------------------+--------------------+--------------------+-------------------------------------+-------------------------------------+----------------------------+----------------------------+---------------------------+---------------------------+
; VGA_HS ; 3.3-V LVCMOS ; 0 s                 ; 0 s                 ; 3.08 V                       ; 2.1e-07 V                    ; 3.12 V              ; -0.169 V            ; 0.165 V                              ; 0.384 V                              ; 4.57e-10 s                  ; 1.75e-10 s                  ; Yes                        ; No                         ; 3.08 V                      ; 2.1e-07 V                   ; 3.12 V             ; -0.169 V           ; 0.165 V                             ; 0.384 V                             ; 4.57e-10 s                 ; 1.75e-10 s                 ; Yes                       ; No                        ;
; VGA_VS ; 3.3-V LVCMOS ; 0 s                 ; 0 s                 ; 3.08 V                       ; 2.01e-07 V                   ; 3.13 V              ; -0.229 V            ; 0.131 V                              ; 0.38 V                               ; 4.37e-10 s                  ; 1.58e-10 s                  ; Yes                        ; No                         ; 3.08 V                      ; 2.01e-07 V                  ; 3.13 V             ; -0.229 V           ; 0.131 V                             ; 0.38 V                              ; 4.37e-10 s                 ; 1.58e-10 s                 ; Yes                       ; No                        ;
; VGA_R  ; 3.3-V LVCMOS ; 0 s                 ; 0 s                 ; 3.08 V                       ; 2.1e-07 V                    ; 3.12 V              ; -0.169 V            ; 0.165 V                              ; 0.384 V                              ; 4.57e-10 s                  ; 1.75e-10 s                  ; Yes                        ; No                         ; 3.08 V                      ; 2.1e-07 V                   ; 3.12 V             ; -0.169 V           ; 0.165 V                             ; 0.384 V                             ; 4.57e-10 s                 ; 1.75e-10 s                 ; Yes                       ; No                        ;
; VGA_G  ; 3.3-V LVCMOS ; 0 s                 ; 0 s                 ; 3.08 V                       ; 2.01e-07 V                   ; 3.13 V              ; -0.229 V            ; 0.132 V                              ; 0.377 V                              ; 4.37e-10 s                  ; 1.58e-10 s                  ; Yes                        ; No                         ; 3.08 V                      ; 2.01e-07 V                  ; 3.13 V             ; -0.229 V           ; 0.132 V                             ; 0.377 V                             ; 4.37e-10 s                 ; 1.58e-10 s                 ; Yes                       ; No                        ;
; VGA_B  ; 3.3-V LVCMOS ; 0 s                 ; 0 s                 ; 3.08 V                       ; 1.58e-07 V                   ; 3.09 V              ; -0.13 V             ; 0.032 V                              ; 0.298 V                              ; 4.39e-10 s                  ; 1.69e-10 s                  ; Yes                        ; Yes                        ; 3.08 V                      ; 1.58e-07 V                  ; 3.09 V             ; -0.13 V            ; 0.032 V                             ; 0.298 V                             ; 4.39e-10 s                 ; 1.69e-10 s                 ; Yes                       ; Yes                       ;
+--------+--------------+---------------------+---------------------+------------------------------+------------------------------+---------------------+---------------------+--------------------------------------+--------------------------------------+-----------------------------+-----------------------------+----------------------------+----------------------------+-----------------------------+-----------------------------+--------------------+--------------------+-------------------------------------+-------------------------------------+----------------------------+----------------------------+---------------------------+---------------------------+


+-------------------------------------------------------------------------------------------------------------------------------------------------------------------------------------------------------------------------------------------------------------------------------------------------------------------------------------------------------------------------------------------------------------------------------------------------------------------------------------------------------------------------------------------------------------------------------------------------------------------------------------------------------------------------------------+
; Signal Integrity Metrics (Slow 1100mv 85c Model)                                                                                                                                                                                                                                                                                                                                                                                                                                                                                                                                                                                                                                    ;
+--------+--------------+---------------------+---------------------+------------------------------+------------------------------+---------------------+---------------------+--------------------------------------+--------------------------------------+-----------------------------+-----------------------------+----------------------------+----------------------------+-----------------------------+-----------------------------+--------------------+--------------------+-------------------------------------+-------------------------------------+----------------------------+----------------------------+---------------------------+---------------------------+
; Pin    ; I/O Standard ; Board Delay on Rise ; Board Delay on Fall ; Steady State Voh at FPGA Pin ; Steady State Vol at FPGA Pin ; Voh Max at FPGA Pin ; Vol Min at FPGA Pin ; Ringback Voltage on Rise at FPGA Pin ; Ringback Voltage on Fall at FPGA Pin ; 10-90 Rise Time at FPGA Pin ; 90-10 Fall Time at FPGA Pin ; Monotonic Rise at FPGA Pin ; Monotonic Fall at FPGA Pin ; Steady State Voh at Far-end ; Steady State Vol at Far-end ; Voh Max at Far-end ; Vol Min at Far-end ; Ringback Voltage on Rise at Far-end ; Ringback Voltage on Fall at Far-end ; 10-90 Rise Time at Far-end ; 90-10 Fall Time at Far-end ; Monotonic Rise at Far-end ; Monotonic Fall at Far-end ;
+--------+--------------+---------------------+---------------------+------------------------------+------------------------------+---------------------+---------------------+--------------------------------------+--------------------------------------+-----------------------------+-----------------------------+----------------------------+----------------------------+-----------------------------+-----------------------------+--------------------+--------------------+-------------------------------------+-------------------------------------+----------------------------+----------------------------+---------------------------+---------------------------+
; VGA_HS ; 3.3-V LVCMOS ; 0 s                 ; 0 s                 ; 3.08 V                       ; 2.1e-05 V                    ; 3.11 V              ; -0.0931 V           ; 0.115 V                              ; 0.142 V                              ; 5.74e-10 s                  ; 3.17e-10 s                  ; Yes                        ; Yes                        ; 3.08 V                      ; 2.1e-05 V                   ; 3.11 V             ; -0.0931 V          ; 0.115 V                             ; 0.142 V                             ; 5.74e-10 s                 ; 3.17e-10 s                 ; Yes                       ; Yes                       ;
; VGA_VS ; 3.3-V LVCMOS ; 0 s                 ; 0 s                 ; 3.08 V                       ; 2.02e-05 V                   ; 3.11 V              ; -0.117 V            ; 0.087 V                              ; 0.147 V                              ; 5.3e-10 s                   ; 3.14e-10 s                  ; Yes                        ; No                         ; 3.08 V                      ; 2.02e-05 V                  ; 3.11 V             ; -0.117 V           ; 0.087 V                             ; 0.147 V                             ; 5.3e-10 s                  ; 3.14e-10 s                 ; Yes                       ; No                        ;
; VGA_R  ; 3.3-V LVCMOS ; 0 s                 ; 0 s                 ; 3.08 V                       ; 2.1e-05 V                    ; 3.11 V              ; -0.0931 V           ; 0.115 V                              ; 0.142 V                              ; 5.74e-10 s                  ; 3.17e-10 s                  ; Yes                        ; Yes                        ; 3.08 V                      ; 2.1e-05 V                   ; 3.11 V             ; -0.0931 V          ; 0.115 V                             ; 0.142 V                             ; 5.74e-10 s                 ; 3.17e-10 s                 ; Yes                       ; Yes                       ;
; VGA_G  ; 3.3-V LVCMOS ; 0 s                 ; 0 s                 ; 3.08 V                       ; 2.02e-05 V                   ; 3.11 V              ; -0.117 V            ; 0.087 V                              ; 0.148 V                              ; 5.31e-10 s                  ; 3.14e-10 s                  ; Yes                        ; No                         ; 3.08 V                      ; 2.02e-05 V                  ; 3.11 V             ; -0.117 V           ; 0.087 V                             ; 0.148 V                             ; 5.31e-10 s                 ; 3.14e-10 s                 ; Yes                       ; No                        ;
; VGA_B  ; 3.3-V LVCMOS ; 0 s                 ; 0 s                 ; 3.08 V                       ; 1.66e-05 V                   ; 3.09 V              ; -0.0542 V           ; 0.04 V                               ; 0.089 V                              ; 5.35e-10 s                  ; 3.01e-10 s                  ; Yes                        ; Yes                        ; 3.08 V                      ; 1.66e-05 V                  ; 3.09 V             ; -0.0542 V          ; 0.04 V                              ; 0.089 V                             ; 5.35e-10 s                 ; 3.01e-10 s                 ; Yes                       ; Yes                       ;
+--------+--------------+---------------------+---------------------+------------------------------+------------------------------+---------------------+---------------------+--------------------------------------+--------------------------------------+-----------------------------+-----------------------------+----------------------------+----------------------------+-----------------------------+-----------------------------+--------------------+--------------------+-------------------------------------+-------------------------------------+----------------------------+----------------------------+---------------------------+---------------------------+


+-------------------------------------------------------------------------------------------------------------------------------------------------------------------------------------------------------------------------------------------------------------------------------------------------------------------------------------------------------------------------------------------------------------------------------------------------------------------------------------------------------------------------------------------------------------------------------------------------------------------------------------------------------------------------------------+
; Signal Integrity Metrics (Fast 1100mv 0c Model)                                                                                                                                                                                                                                                                                                                                                                                                                                                                                                                                                                                                                                     ;
+--------+--------------+---------------------+---------------------+------------------------------+------------------------------+---------------------+---------------------+--------------------------------------+--------------------------------------+-----------------------------+-----------------------------+----------------------------+----------------------------+-----------------------------+-----------------------------+--------------------+--------------------+-------------------------------------+-------------------------------------+----------------------------+----------------------------+---------------------------+---------------------------+
; Pin    ; I/O Standard ; Board Delay on Rise ; Board Delay on Fall ; Steady State Voh at FPGA Pin ; Steady State Vol at FPGA Pin ; Voh Max at FPGA Pin ; Vol Min at FPGA Pin ; Ringback Voltage on Rise at FPGA Pin ; Ringback Voltage on Fall at FPGA Pin ; 10-90 Rise Time at FPGA Pin ; 90-10 Fall Time at FPGA Pin ; Monotonic Rise at FPGA Pin ; Monotonic Fall at FPGA Pin ; Steady State Voh at Far-end ; Steady State Vol at Far-end ; Voh Max at Far-end ; Vol Min at Far-end ; Ringback Voltage on Rise at Far-end ; Ringback Voltage on Fall at Far-end ; 10-90 Rise Time at Far-end ; 90-10 Fall Time at Far-end ; Monotonic Rise at Far-end ; Monotonic Fall at Far-end ;
+--------+--------------+---------------------+---------------------+------------------------------+------------------------------+---------------------+---------------------+--------------------------------------+--------------------------------------+-----------------------------+-----------------------------+----------------------------+----------------------------+-----------------------------+-----------------------------+--------------------+--------------------+-------------------------------------+-------------------------------------+----------------------------+----------------------------+---------------------------+---------------------------+
; VGA_HS ; 3.3-V LVCMOS ; 0 s                 ; 0 s                 ; 3.63 V                       ; 4.94e-06 V                   ; 3.69 V              ; -0.414 V            ; 0.134 V                              ; 0.585 V                              ; 4.19e-10 s                  ; 1.53e-10 s                  ; Yes                        ; No                         ; 3.63 V                      ; 4.94e-06 V                  ; 3.69 V             ; -0.414 V           ; 0.134 V                             ; 0.585 V                             ; 4.19e-10 s                 ; 1.53e-10 s                 ; Yes                       ; No                        ;
; VGA_VS ; 3.3-V LVCMOS ; 0 s                 ; 0 s                 ; 3.63 V                       ; 4.72e-06 V                   ; 3.7 V               ; -0.49 V             ; 0.117 V                              ; 0.622 V                              ; 3.84e-10 s                  ; 1.48e-10 s                  ; Yes                        ; No                         ; 3.63 V                      ; 4.72e-06 V                  ; 3.7 V              ; -0.49 V            ; 0.117 V                             ; 0.622 V                             ; 3.84e-10 s                 ; 1.48e-10 s                 ; Yes                       ; No                        ;
; VGA_R  ; 3.3-V LVCMOS ; 0 s                 ; 0 s                 ; 3.63 V                       ; 4.94e-06 V                   ; 3.69 V              ; -0.414 V            ; 0.134 V                              ; 0.585 V                              ; 4.19e-10 s                  ; 1.53e-10 s                  ; Yes                        ; No                         ; 3.63 V                      ; 4.94e-06 V                  ; 3.69 V             ; -0.414 V           ; 0.134 V                             ; 0.585 V                             ; 4.19e-10 s                 ; 1.53e-10 s                 ; Yes                       ; No                        ;
; VGA_G  ; 3.3-V LVCMOS ; 0 s                 ; 0 s                 ; 3.63 V                       ; 4.72e-06 V                   ; 3.7 V               ; -0.49 V             ; 0.117 V                              ; 0.621 V                              ; 3.84e-10 s                  ; 1.48e-10 s                  ; Yes                        ; No                         ; 3.63 V                      ; 4.72e-06 V                  ; 3.7 V              ; -0.49 V            ; 0.117 V                             ; 0.621 V                             ; 3.84e-10 s                 ; 1.48e-10 s                 ; Yes                       ; No                        ;
; VGA_B  ; 3.3-V LVCMOS ; 0 s                 ; 0 s                 ; 3.63 V                       ; 3.63e-06 V                   ; 3.64 V              ; -0.326 V            ; 0.091 V                              ; 0.479 V                              ; 3.83e-10 s                  ; 1.5e-10 s                   ; Yes                        ; No                         ; 3.63 V                      ; 3.63e-06 V                  ; 3.64 V             ; -0.326 V           ; 0.091 V                             ; 0.479 V                             ; 3.83e-10 s                 ; 1.5e-10 s                  ; Yes                       ; No                        ;
+--------+--------------+---------------------+---------------------+------------------------------+------------------------------+---------------------+---------------------+--------------------------------------+--------------------------------------+-----------------------------+-----------------------------+----------------------------+----------------------------+-----------------------------+-----------------------------+--------------------+--------------------+-------------------------------------+-------------------------------------+----------------------------+----------------------------+---------------------------+---------------------------+


+-------------------------------------------------------------------------------------------------------------------------------------------------------------------------------------------------------------------------------------------------------------------------------------------------------------------------------------------------------------------------------------------------------------------------------------------------------------------------------------------------------------------------------------------------------------------------------------------------------------------------------------------------------------------------------------+
; Signal Integrity Metrics (Fast 1100mv 85c Model)                                                                                                                                                                                                                                                                                                                                                                                                                                                                                                                                                                                                                                    ;
+--------+--------------+---------------------+---------------------+------------------------------+------------------------------+---------------------+---------------------+--------------------------------------+--------------------------------------+-----------------------------+-----------------------------+----------------------------+----------------------------+-----------------------------+-----------------------------+--------------------+--------------------+-------------------------------------+-------------------------------------+----------------------------+----------------------------+---------------------------+---------------------------+
; Pin    ; I/O Standard ; Board Delay on Rise ; Board Delay on Fall ; Steady State Voh at FPGA Pin ; Steady State Vol at FPGA Pin ; Voh Max at FPGA Pin ; Vol Min at FPGA Pin ; Ringback Voltage on Rise at FPGA Pin ; Ringback Voltage on Fall at FPGA Pin ; 10-90 Rise Time at FPGA Pin ; 90-10 Fall Time at FPGA Pin ; Monotonic Rise at FPGA Pin ; Monotonic Fall at FPGA Pin ; Steady State Voh at Far-end ; Steady State Vol at Far-end ; Voh Max at Far-end ; Vol Min at Far-end ; Ringback Voltage on Rise at Far-end ; Ringback Voltage on Fall at Far-end ; 10-90 Rise Time at Far-end ; 90-10 Fall Time at Far-end ; Monotonic Rise at Far-end ; Monotonic Fall at Far-end ;
+--------+--------------+---------------------+---------------------+------------------------------+------------------------------+---------------------+---------------------+--------------------------------------+--------------------------------------+-----------------------------+-----------------------------+----------------------------+----------------------------+-----------------------------+-----------------------------+--------------------+--------------------+-------------------------------------+-------------------------------------+----------------------------+----------------------------+---------------------------+---------------------------+
; VGA_HS ; 3.3-V LVCMOS ; 0 s                 ; 0 s                 ; 3.63 V                       ; 0.000238 V                   ; 3.64 V              ; -0.254 V            ; 0.052 V                              ; 0.543 V                              ; 4.59e-10 s                  ; 1.96e-10 s                  ; Yes                        ; No                         ; 3.63 V                      ; 0.000238 V                  ; 3.64 V             ; -0.254 V           ; 0.052 V                             ; 0.543 V                             ; 4.59e-10 s                 ; 1.96e-10 s                 ; Yes                       ; No                        ;
; VGA_VS ; 3.3-V LVCMOS ; 0 s                 ; 0 s                 ; 3.63 V                       ; 0.000229 V                   ; 3.65 V              ; -0.316 V            ; 0.041 V                              ; 0.53 V                               ; 4.29e-10 s                  ; 1.87e-10 s                  ; Yes                        ; No                         ; 3.63 V                      ; 0.000229 V                  ; 3.65 V             ; -0.316 V           ; 0.041 V                             ; 0.53 V                              ; 4.29e-10 s                 ; 1.87e-10 s                 ; Yes                       ; No                        ;
; VGA_R  ; 3.3-V LVCMOS ; 0 s                 ; 0 s                 ; 3.63 V                       ; 0.000238 V                   ; 3.64 V              ; -0.254 V            ; 0.052 V                              ; 0.543 V                              ; 4.59e-10 s                  ; 1.96e-10 s                  ; Yes                        ; No                         ; 3.63 V                      ; 0.000238 V                  ; 3.64 V             ; -0.254 V           ; 0.052 V                             ; 0.543 V                             ; 4.59e-10 s                 ; 1.96e-10 s                 ; Yes                       ; No                        ;
; VGA_G  ; 3.3-V LVCMOS ; 0 s                 ; 0 s                 ; 3.63 V                       ; 0.000229 V                   ; 3.65 V              ; -0.319 V            ; 0.041 V                              ; 0.528 V                              ; 4.29e-10 s                  ; 1.87e-10 s                  ; Yes                        ; No                         ; 3.63 V                      ; 0.000229 V                  ; 3.65 V             ; -0.319 V           ; 0.041 V                             ; 0.528 V                             ; 4.29e-10 s                 ; 1.87e-10 s                 ; Yes                       ; No                        ;
; VGA_B  ; 3.3-V LVCMOS ; 0 s                 ; 0 s                 ; 3.63 V                       ; 0.000184 V                   ; 3.64 V              ; -0.19 V             ; 0.019 V                              ; 0.425 V                              ; 4.44e-10 s                  ; 1.91e-10 s                  ; Yes                        ; No                         ; 3.63 V                      ; 0.000184 V                  ; 3.64 V             ; -0.19 V            ; 0.019 V                             ; 0.425 V                             ; 4.44e-10 s                 ; 1.91e-10 s                 ; Yes                       ; No                        ;
+--------+--------------+---------------------+---------------------+------------------------------+------------------------------+---------------------+---------------------+--------------------------------------+--------------------------------------+-----------------------------+-----------------------------+----------------------------+----------------------------+-----------------------------+-----------------------------+--------------------+--------------------+-------------------------------------+-------------------------------------+----------------------------+----------------------------+---------------------------+---------------------------+


+---------------------------------------------------------------------------------------------------------------------------------------------------------------------------------------------+
; Setup Transfers                                                                                                                                                                             ;
+------------------------------------------------------------------------+------------------------------------------------------------------------+----------+----------+----------+----------+
; From Clock                                                             ; To Clock                                                               ; RR Paths ; FR Paths ; RF Paths ; FF Paths ;
+------------------------------------------------------------------------+------------------------------------------------------------------------+----------+----------+----------+----------+
; pll:pixel_clk|pll_0002:pll_inst|altera_pll:altera_pll_i|outclk_wire[0] ; pll:pixel_clk|pll_0002:pll_inst|altera_pll:altera_pll_i|outclk_wire[0] ; 679      ; 0        ; 0        ; 0        ;
+------------------------------------------------------------------------+------------------------------------------------------------------------+----------+----------+----------+----------+
Entries labeled "false path" only account for clock-to-clock false paths and not path-based false paths. As a result, actual path counts may be lower than reported.


+---------------------------------------------------------------------------------------------------------------------------------------------------------------------------------------------+
; Hold Transfers                                                                                                                                                                              ;
+------------------------------------------------------------------------+------------------------------------------------------------------------+----------+----------+----------+----------+
; From Clock                                                             ; To Clock                                                               ; RR Paths ; FR Paths ; RF Paths ; FF Paths ;
+------------------------------------------------------------------------+------------------------------------------------------------------------+----------+----------+----------+----------+
; pll:pixel_clk|pll_0002:pll_inst|altera_pll:altera_pll_i|outclk_wire[0] ; pll:pixel_clk|pll_0002:pll_inst|altera_pll:altera_pll_i|outclk_wire[0] ; 679      ; 0        ; 0        ; 0        ;
+------------------------------------------------------------------------+------------------------------------------------------------------------+----------+----------+----------+----------+
Entries labeled "false path" only account for clock-to-clock false paths and not path-based false paths. As a result, actual path counts may be lower than reported.


+---------------------------------------------------------------------------------------------------------------------------------------------------------------------------------------------+
; Recovery Transfers                                                                                                                                                                          ;
+------------------------------------------------------------------------+------------------------------------------------------------------------+----------+----------+----------+----------+
; From Clock                                                             ; To Clock                                                               ; RR Paths ; FR Paths ; RF Paths ; FF Paths ;
+------------------------------------------------------------------------+------------------------------------------------------------------------+----------+----------+----------+----------+
; pll:pixel_clk|pll_0002:pll_inst|altera_pll:altera_pll_i|outclk_wire[0] ; pll:pixel_clk|pll_0002:pll_inst|altera_pll:altera_pll_i|outclk_wire[0] ; 23       ; 0        ; 0        ; 0        ;
+------------------------------------------------------------------------+------------------------------------------------------------------------+----------+----------+----------+----------+
Entries labeled "false path" only account for clock-to-clock false paths and not path-based false paths. As a result, actual path counts may be lower than reported.


+---------------------------------------------------------------------------------------------------------------------------------------------------------------------------------------------+
; Removal Transfers                                                                                                                                                                           ;
+------------------------------------------------------------------------+------------------------------------------------------------------------+----------+----------+----------+----------+
; From Clock                                                             ; To Clock                                                               ; RR Paths ; FR Paths ; RF Paths ; FF Paths ;
+------------------------------------------------------------------------+------------------------------------------------------------------------+----------+----------+----------+----------+
; pll:pixel_clk|pll_0002:pll_inst|altera_pll:altera_pll_i|outclk_wire[0] ; pll:pixel_clk|pll_0002:pll_inst|altera_pll:altera_pll_i|outclk_wire[0] ; 23       ; 0        ; 0        ; 0        ;
+------------------------------------------------------------------------+------------------------------------------------------------------------+----------+----------+----------+----------+
Entries labeled "false path" only account for clock-to-clock false paths and not path-based false paths. As a result, actual path counts may be lower than reported.


---------------
; Report TCCS ;
---------------
No dedicated SERDES Transmitter circuitry present in device or used in design


---------------
; Report RSKM ;
---------------
No non-DPA dedicated SERDES Receiver circuitry present in device or used in design


+------------------------------------------------+
; Unconstrained Paths Summary                    ;
+---------------------------------+-------+------+
; Property                        ; Setup ; Hold ;
+---------------------------------+-------+------+
; Illegal Clocks                  ; 0     ; 0    ;
; Unconstrained Clocks            ; 0     ; 0    ;
; Unconstrained Input Ports       ; 0     ; 0    ;
; Unconstrained Input Port Paths  ; 0     ; 0    ;
; Unconstrained Output Ports      ; 0     ; 0    ;
; Unconstrained Output Port Paths ; 0     ; 0    ;
+---------------------------------+-------+------+


+-------------------------------------------------------------------------------------------------------------------------------------------------------------------------------------------------------+
; Clock Status Summary                                                                                                                                                                                  ;
+---------------------------------------------------------------------------+-------------------------------------------------------------------------------------------------+-----------+-------------+
; Target                                                                    ; Clock                                                                                           ; Type      ; Status      ;
+---------------------------------------------------------------------------+-------------------------------------------------------------------------------------------------+-----------+-------------+
; CLK                                                                       ; clk50                                                                                           ; Base      ; Constrained ;
; pixel_clk|pll_inst|altera_pll_i|general[0].gpll~FRACTIONAL_PLL|vcoph[0]   ; pll:pixel_clk|pll_0002:pll_inst|altera_pll:altera_pll_i|general[0].gpll~FRACTIONAL_PLL_O_VCOPH0 ; Generated ; Constrained ;
; pixel_clk|pll_inst|altera_pll_i|general[0].gpll~PLL_OUTPUT_COUNTER|divclk ; pll:pixel_clk|pll_0002:pll_inst|altera_pll:altera_pll_i|outclk_wire[0]                          ; Generated ; Constrained ;
+---------------------------------------------------------------------------+-------------------------------------------------------------------------------------------------+-----------+-------------+


+--------------------------+
; Timing Analyzer Messages ;
+--------------------------+
Info: *******************************************************************
Info: Running Quartus Prime Timing Analyzer
    Info: Version 18.1.1 Build 646 04/11/2019 SJ Lite Edition
    Info: Processing started: Wed Jun 23 22:24:43 2021
Info: Command: quartus_sta VGA -c top
Info: qsta_default_script.tcl version: #1
Warning (18236): Number of processors has not been specified which may cause overloading on shared machines.  Set the global assignment NUM_PARALLEL_PROCESSORS in your QSF to an appropriate value for best performance.
Info (20030): Parallel compilation is enabled and will use 4 of the 4 processors detected
Info (21077): Low junction temperature is 0 degrees C
Info (21077): High junction temperature is 85 degrees C
Info (332104): Reading SDC File: 'top.sdc'
Info (332097): The following timing edges are non-unate.  The Timing Analyzer will assume pos-unate behavior for these edges in the clock network.
    Info (332098): Cell: pixel_clk|pll_inst|altera_pll_i|general[0].gpll~FRACTIONAL_PLL  from: refclkin  to: fbclk
    Info (332098): Cell: pixel_clk|pll_inst|altera_pll_i|general[0].gpll~PLL_OUTPUT_COUNTER  from: vco0ph[0]  to: divclk
    Info (332098): Cell: pixel_clk|pll_inst|altera_pll_i|general[0].gpll~PLL_REFCLK_SELECT  from: clkin[0]  to: clkout
Info (332152): The following assignments are ignored by the derive_clock_uncertainty command
Info: Found TIMING_ANALYZER_REPORT_SCRIPT_INCLUDE_DEFAULT_ANALYSIS = ON
Info: Analyzing Slow 1100mV 85C Model
Info (332146): Worst-case setup slack is 22.555
    Info (332119):     Slack       End Point TNS Clock 
    Info (332119): ========= =================== =====================
    Info (332119):    22.555               0.000 pll:pixel_clk|pll_0002:pll_inst|altera_pll:altera_pll_i|outclk_wire[0] 
Info (332146): Worst-case hold slack is 0.836
    Info (332119):     Slack       End Point TNS Clock 
    Info (332119): ========= =================== =====================
    Info (332119):     0.836               0.000 pll:pixel_clk|pll_0002:pll_inst|altera_pll:altera_pll_i|outclk_wire[0] 
Info (332146): Worst-case recovery slack is 30.910
    Info (332119):     Slack       End Point TNS Clock 
    Info (332119): ========= =================== =====================
    Info (332119):    30.910               0.000 pll:pixel_clk|pll_0002:pll_inst|altera_pll:altera_pll_i|outclk_wire[0] 
Info (332146): Worst-case removal slack is 6.166
    Info (332119):     Slack       End Point TNS Clock 
    Info (332119): ========= =================== =====================
    Info (332119):     6.166               0.000 pll:pixel_clk|pll_0002:pll_inst|altera_pll:altera_pll_i|outclk_wire[0] 
Info (332146): Worst-case minimum pulse width slack is 1.171
    Info (332119):     Slack       End Point TNS Clock 
    Info (332119): ========= =================== =====================
    Info (332119):     1.171               0.000 pll:pixel_clk|pll_0002:pll_inst|altera_pll:altera_pll_i|general[0].gpll~FRACTIONAL_PLL_O_VCOPH0 
    Info (332119):     9.949               0.000 clk50 
    Info (332119):    19.043               0.000 pll:pixel_clk|pll_0002:pll_inst|altera_pll:altera_pll_i|outclk_wire[0] 
Info: Analyzing Slow 1100mV 0C Model
Info (334003): Started post-fitting delay annotation
Info (334004): Delay annotation completed successfully
Info (332097): The following timing edges are non-unate.  The Timing Analyzer will assume pos-unate behavior for these edges in the clock network.
    Info (332098): Cell: pixel_clk|pll_inst|altera_pll_i|general[0].gpll~FRACTIONAL_PLL  from: refclkin  to: fbclk
    Info (332098): Cell: pixel_clk|pll_inst|altera_pll_i|general[0].gpll~PLL_OUTPUT_COUNTER  from: vco0ph[0]  to: divclk
    Info (332098): Cell: pixel_clk|pll_inst|altera_pll_i|general[0].gpll~PLL_REFCLK_SELECT  from: clkin[0]  to: clkout
Info (332152): The following assignments are ignored by the derive_clock_uncertainty command
Info (332146): Worst-case setup slack is 22.965
    Info (332119):     Slack       End Point TNS Clock 
    Info (332119): ========= =================== =====================
    Info (332119):    22.965               0.000 pll:pixel_clk|pll_0002:pll_inst|altera_pll:altera_pll_i|outclk_wire[0] 
Info (332146): Worst-case hold slack is 0.852
    Info (332119):     Slack       End Point TNS Clock 
    Info (332119): ========= =================== =====================
    Info (332119):     0.852               0.000 pll:pixel_clk|pll_0002:pll_inst|altera_pll:altera_pll_i|outclk_wire[0] 
Info (332146): Worst-case recovery slack is 31.392
    Info (332119):     Slack       End Point TNS Clock 
    Info (332119): ========= =================== =====================
    Info (332119):    31.392               0.000 pll:pixel_clk|pll_0002:pll_inst|altera_pll:altera_pll_i|outclk_wire[0] 
Info (332146): Worst-case removal slack is 5.670
    Info (332119):     Slack       End Point TNS Clock 
    Info (332119): ========= =================== =====================
    Info (332119):     5.670               0.000 pll:pixel_clk|pll_0002:pll_inst|altera_pll:altera_pll_i|outclk_wire[0] 
Info (332146): Worst-case minimum pulse width slack is 1.171
    Info (332119):     Slack       End Point TNS Clock 
    Info (332119): ========= =================== =====================
    Info (332119):     1.171               0.000 pll:pixel_clk|pll_0002:pll_inst|altera_pll:altera_pll_i|general[0].gpll~FRACTIONAL_PLL_O_VCOPH0 
    Info (332119):     9.980               0.000 clk50 
    Info (332119):    18.997               0.000 pll:pixel_clk|pll_0002:pll_inst|altera_pll:altera_pll_i|outclk_wire[0] 
Info: Analyzing Fast 1100mV 85C Model
Info (334003): Started post-fitting delay annotation
Info (334004): Delay annotation completed successfully
Info (332097): The following timing edges are non-unate.  The Timing Analyzer will assume pos-unate behavior for these edges in the clock network.
    Info (332098): Cell: pixel_clk|pll_inst|altera_pll_i|general[0].gpll~FRACTIONAL_PLL  from: refclkin  to: fbclk
    Info (332098): Cell: pixel_clk|pll_inst|altera_pll_i|general[0].gpll~PLL_OUTPUT_COUNTER  from: vco0ph[0]  to: divclk
    Info (332098): Cell: pixel_clk|pll_inst|altera_pll_i|general[0].gpll~PLL_REFCLK_SELECT  from: clkin[0]  to: clkout
Info (332152): The following assignments are ignored by the derive_clock_uncertainty command
Info (332146): Worst-case setup slack is 29.521
    Info (332119):     Slack       End Point TNS Clock 
    Info (332119): ========= =================== =====================
    Info (332119):    29.521               0.000 pll:pixel_clk|pll_0002:pll_inst|altera_pll:altera_pll_i|outclk_wire[0] 
Info (332146): Worst-case hold slack is 0.350
    Info (332119):     Slack       End Point TNS Clock 
    Info (332119): ========= =================== =====================
    Info (332119):     0.350               0.000 pll:pixel_clk|pll_0002:pll_inst|altera_pll:altera_pll_i|outclk_wire[0] 
Info (332146): Worst-case recovery slack is 33.951
    Info (332119):     Slack       End Point TNS Clock 
    Info (332119): ========= =================== =====================
    Info (332119):    33.951               0.000 pll:pixel_clk|pll_0002:pll_inst|altera_pll:altera_pll_i|outclk_wire[0] 
Info (332146): Worst-case removal slack is 4.118
    Info (332119):     Slack       End Point TNS Clock 
    Info (332119): ========= =================== =====================
    Info (332119):     4.118               0.000 pll:pixel_clk|pll_0002:pll_inst|altera_pll:altera_pll_i|outclk_wire[0] 
Info (332146): Worst-case minimum pulse width slack is 1.171
    Info (332119):     Slack       End Point TNS Clock 
    Info (332119): ========= =================== =====================
    Info (332119):     1.171               0.000 pll:pixel_clk|pll_0002:pll_inst|altera_pll:altera_pll_i|general[0].gpll~FRACTIONAL_PLL_O_VCOPH0 
    Info (332119):     9.643               0.000 clk50 
    Info (332119):    19.462               0.000 pll:pixel_clk|pll_0002:pll_inst|altera_pll:altera_pll_i|outclk_wire[0] 
Info: Analyzing Fast 1100mV 0C Model
Info (332097): The following timing edges are non-unate.  The Timing Analyzer will assume pos-unate behavior for these edges in the clock network.
    Info (332098): Cell: pixel_clk|pll_inst|altera_pll_i|general[0].gpll~FRACTIONAL_PLL  from: refclkin  to: fbclk
    Info (332098): Cell: pixel_clk|pll_inst|altera_pll_i|general[0].gpll~PLL_OUTPUT_COUNTER  from: vco0ph[0]  to: divclk
    Info (332098): Cell: pixel_clk|pll_inst|altera_pll_i|general[0].gpll~PLL_REFCLK_SELECT  from: clkin[0]  to: clkout
Info (332152): The following assignments are ignored by the derive_clock_uncertainty command
Info (332146): Worst-case setup slack is 30.195
    Info (332119):     Slack       End Point TNS Clock 
    Info (332119): ========= =================== =====================
    Info (332119):    30.195               0.000 pll:pixel_clk|pll_0002:pll_inst|altera_pll:altera_pll_i|outclk_wire[0] 
Info (332146): Worst-case hold slack is 0.320
    Info (332119):     Slack       End Point TNS Clock 
    Info (332119): ========= =================== =====================
    Info (332119):     0.320               0.000 pll:pixel_clk|pll_0002:pll_inst|altera_pll:altera_pll_i|outclk_wire[0] 
Info (332146): Worst-case recovery slack is 34.144
    Info (332119):     Slack       End Point TNS Clock 
    Info (332119): ========= =================== =====================
    Info (332119):    34.144               0.000 pll:pixel_clk|pll_0002:pll_inst|altera_pll:altera_pll_i|outclk_wire[0] 
Info (332146): Worst-case removal slack is 4.027
    Info (332119):     Slack       End Point TNS Clock 
    Info (332119): ========= =================== =====================
    Info (332119):     4.027               0.000 pll:pixel_clk|pll_0002:pll_inst|altera_pll:altera_pll_i|outclk_wire[0] 
Info (332146): Worst-case minimum pulse width slack is 1.171
    Info (332119):     Slack       End Point TNS Clock 
    Info (332119): ========= =================== =====================
    Info (332119):     1.171               0.000 pll:pixel_clk|pll_0002:pll_inst|altera_pll:altera_pll_i|general[0].gpll~FRACTIONAL_PLL_O_VCOPH0 
    Info (332119):     9.632               0.000 clk50 
    Info (332119):    19.460               0.000 pll:pixel_clk|pll_0002:pll_inst|altera_pll:altera_pll_i|outclk_wire[0] 
Info (332101): Design is fully constrained for setup requirements
Info (332101): Design is fully constrained for hold requirements
Info: Quartus Prime Timing Analyzer was successful. 0 errors, 1 warning
    Info: Peak virtual memory: 5175 megabytes
    Info: Processing ended: Wed Jun 23 22:24:51 2021
    Info: Elapsed time: 00:00:08
    Info: Total CPU time (on all processors): 00:00:06


