Analysis & Synthesis report for leds_segments
Fri Jun 11 19:02:24 2021
Quartus Prime Version 20.1.1 Build 720 11/11/2020 SJ Lite Edition


---------------------
; Table of Contents ;
---------------------
  1. Legal Notice
  2. Analysis & Synthesis Summary
  3. Analysis & Synthesis Settings
  4. Parallel Compilation
  5. Analysis & Synthesis Source Files Read
  6. Analysis & Synthesis Resource Usage Summary
  7. Analysis & Synthesis Resource Utilization by Entity
  8. General Register Statistics
  9. Inverted Register Statistics
 10. Multiplexer Restructuring Statistics (Restructuring Performed)
 11. Post-Synthesis Netlist Statistics for Top Partition
 12. Elapsed Time Per Partition
 13. Analysis & Synthesis Messages



----------------
; Legal Notice ;
----------------
Copyright (C) 2020  Intel Corporation. All rights reserved.
Your use of Intel Corporation's design tools, logic functions 
and other software and tools, and any partner logic 
functions, and any output files from any of the foregoing 
(including device programming or simulation files), and any 
associated documentation or information are expressly subject 
to the terms and conditions of the Intel Program License 
Subscription Agreement, the Intel Quartus Prime License Agreement,
the Intel FPGA IP License Agreement, or other applicable license
agreement, including, without limitation, that your use is for
the sole purpose of programming logic devices manufactured by
Intel and sold by Intel or its authorized distributors.  Please
refer to the applicable agreement for further details, at
https://fpgasoftware.intel.com/eula.



+-------------------------------------------------------------------------------+
; Analysis & Synthesis Summary                                                  ;
+---------------------------------+---------------------------------------------+
; Analysis & Synthesis Status     ; Successful - Fri Jun 11 19:02:24 2021       ;
; Quartus Prime Version           ; 20.1.1 Build 720 11/11/2020 SJ Lite Edition ;
; Revision Name                   ; leds_segments                               ;
; Top-level Entity Name           ; leds_segments                               ;
; Family                          ; Cyclone V                                   ;
; Logic utilization (in ALMs)     ; N/A                                         ;
; Total registers                 ; 105                                         ;
; Total pins                      ; 48                                          ;
; Total virtual pins              ; 0                                           ;
; Total block memory bits         ; 0                                           ;
; Total DSP Blocks                ; 0                                           ;
; Total HSSI RX PCSs              ; 0                                           ;
; Total HSSI PMA RX Deserializers ; 0                                           ;
; Total HSSI TX PCSs              ; 0                                           ;
; Total HSSI PMA TX Serializers   ; 0                                           ;
; Total PLLs                      ; 0                                           ;
; Total DLLs                      ; 0                                           ;
+---------------------------------+---------------------------------------------+


+---------------------------------------------------------------------------------------------------------------------------+
; Analysis & Synthesis Settings                                                                                             ;
+---------------------------------------------------------------------------------+--------------------+--------------------+
; Option                                                                          ; Setting            ; Default Value      ;
+---------------------------------------------------------------------------------+--------------------+--------------------+
; Device                                                                          ; 5CGXFC5C6F27C7     ;                    ;
; Top-level entity name                                                           ; leds_segments      ; leds_segments      ;
; Family name                                                                     ; Cyclone V          ; Cyclone V          ;
; Use smart compilation                                                           ; Off                ; Off                ;
; Enable parallel Assembler and Timing Analyzer during compilation                ; On                 ; On                 ;
; Enable compact report table                                                     ; Off                ; Off                ;
; Restructure Multiplexers                                                        ; Auto               ; Auto               ;
; MLAB Add Timing Constraints For Mixed-Port Feed-Through Mode Setting Don't Care ; Off                ; Off                ;
; Create Debugging Nodes for IP Cores                                             ; Off                ; Off                ;
; Preserve fewer node names                                                       ; On                 ; On                 ;
; Intel FPGA IP Evaluation Mode                                                   ; Enable             ; Enable             ;
; Verilog Version                                                                 ; Verilog_2001       ; Verilog_2001       ;
; VHDL Version                                                                    ; VHDL_1993          ; VHDL_1993          ;
; State Machine Processing                                                        ; Auto               ; Auto               ;
; Safe State Machine                                                              ; Off                ; Off                ;
; Extract Verilog State Machines                                                  ; On                 ; On                 ;
; Extract VHDL State Machines                                                     ; On                 ; On                 ;
; Ignore Verilog initial constructs                                               ; Off                ; Off                ;
; Iteration limit for constant Verilog loops                                      ; 5000               ; 5000               ;
; Iteration limit for non-constant Verilog loops                                  ; 250                ; 250                ;
; Add Pass-Through Logic to Inferred RAMs                                         ; On                 ; On                 ;
; Infer RAMs from Raw Logic                                                       ; On                 ; On                 ;
; Parallel Synthesis                                                              ; On                 ; On                 ;
; DSP Block Balancing                                                             ; Auto               ; Auto               ;
; NOT Gate Push-Back                                                              ; On                 ; On                 ;
; Power-Up Don't Care                                                             ; On                 ; On                 ;
; Remove Redundant Logic Cells                                                    ; Off                ; Off                ;
; Remove Duplicate Registers                                                      ; On                 ; On                 ;
; Ignore CARRY Buffers                                                            ; Off                ; Off                ;
; Ignore CASCADE Buffers                                                          ; Off                ; Off                ;
; Ignore GLOBAL Buffers                                                           ; Off                ; Off                ;
; Ignore ROW GLOBAL Buffers                                                       ; Off                ; Off                ;
; Ignore LCELL Buffers                                                            ; Off                ; Off                ;
; Ignore SOFT Buffers                                                             ; On                 ; On                 ;
; Limit AHDL Integers to 32 Bits                                                  ; Off                ; Off                ;
; Optimization Technique                                                          ; Balanced           ; Balanced           ;
; Carry Chain Length                                                              ; 70                 ; 70                 ;
; Auto Carry Chains                                                               ; On                 ; On                 ;
; Auto Open-Drain Pins                                                            ; On                 ; On                 ;
; Perform WYSIWYG Primitive Resynthesis                                           ; Off                ; Off                ;
; Auto ROM Replacement                                                            ; On                 ; On                 ;
; Auto RAM Replacement                                                            ; On                 ; On                 ;
; Auto DSP Block Replacement                                                      ; On                 ; On                 ;
; Auto Shift Register Replacement                                                 ; Auto               ; Auto               ;
; Allow Shift Register Merging across Hierarchies                                 ; Auto               ; Auto               ;
; Auto Clock Enable Replacement                                                   ; On                 ; On                 ;
; Strict RAM Replacement                                                          ; Off                ; Off                ;
; Allow Synchronous Control Signals                                               ; On                 ; On                 ;
; Force Use of Synchronous Clear Signals                                          ; Off                ; Off                ;
; Auto Resource Sharing                                                           ; Off                ; Off                ;
; Allow Any RAM Size For Recognition                                              ; Off                ; Off                ;
; Allow Any ROM Size For Recognition                                              ; Off                ; Off                ;
; Allow Any Shift Register Size For Recognition                                   ; Off                ; Off                ;
; Use LogicLock Constraints during Resource Balancing                             ; On                 ; On                 ;
; Ignore translate_off and synthesis_off directives                               ; Off                ; Off                ;
; Timing-Driven Synthesis                                                         ; On                 ; On                 ;
; Report Parameter Settings                                                       ; On                 ; On                 ;
; Report Source Assignments                                                       ; On                 ; On                 ;
; Report Connectivity Checks                                                      ; On                 ; On                 ;
; Ignore Maximum Fan-Out Assignments                                              ; Off                ; Off                ;
; Synchronization Register Chain Length                                           ; 3                  ; 3                  ;
; Power Optimization During Synthesis                                             ; Normal compilation ; Normal compilation ;
; HDL message level                                                               ; Level2             ; Level2             ;
; Suppress Register Optimization Related Messages                                 ; Off                ; Off                ;
; Number of Removed Registers Reported in Synthesis Report                        ; 5000               ; 5000               ;
; Number of Swept Nodes Reported in Synthesis Report                              ; 5000               ; 5000               ;
; Number of Inverted Registers Reported in Synthesis Report                       ; 100                ; 100                ;
; Clock MUX Protection                                                            ; On                 ; On                 ;
; Auto Gated Clock Conversion                                                     ; Off                ; Off                ;
; Block Design Naming                                                             ; Auto               ; Auto               ;
; SDC constraint protection                                                       ; Off                ; Off                ;
; Synthesis Effort                                                                ; Auto               ; Auto               ;
; Shift Register Replacement - Allow Asynchronous Clear Signal                    ; On                 ; On                 ;
; Pre-Mapping Resynthesis Optimization                                            ; Off                ; Off                ;
; Analysis & Synthesis Message Level                                              ; Medium             ; Medium             ;
; Disable Register Merging Across Hierarchies                                     ; Auto               ; Auto               ;
; Resource Aware Inference For Block RAM                                          ; On                 ; On                 ;
; Automatic Parallel Synthesis                                                    ; On                 ; On                 ;
; Partial Reconfiguration Bitstream ID                                            ; Off                ; Off                ;
+---------------------------------------------------------------------------------+--------------------+--------------------+


+------------------------------------------+
; Parallel Compilation                     ;
+----------------------------+-------------+
; Processors                 ; Number      ;
+----------------------------+-------------+
; Number detected on machine ; 4           ;
; Maximum allowed            ; 4           ;
;                            ;             ;
; Average used               ; 1.00        ;
; Maximum used               ; 4           ;
;                            ;             ;
; Usage by Processor         ; % Time Used ;
;     Processor 1            ; 100.0%      ;
;     Processors 2-4         ;   0.0%      ;
+----------------------------+-------------+


+----------------------------------------------------------------------------------------------------------------------------------------------+
; Analysis & Synthesis Source Files Read                                                                                                       ;
+----------------------------------+-----------------+-----------------+-------------------------------------------------------------+---------+
; File Name with User-Entered Path ; Used in Netlist ; File Type       ; File Name with Absolute Path                                ; Library ;
+----------------------------------+-----------------+-----------------+-------------------------------------------------------------+---------+
; leds_segments.vhd                ; yes             ; User VHDL File  ; D:/intelFPGA_lite/Workspace/leds_segments/leds_segments.vhd ;         ;
+----------------------------------+-----------------+-----------------+-------------------------------------------------------------+---------+


+-----------------------------------------------------------------+
; Analysis & Synthesis Resource Usage Summary                     ;
+---------------------------------------------+-------------------+
; Resource                                    ; Usage             ;
+---------------------------------------------+-------------------+
; Estimate of Logic utilization (ALMs needed) ; 107               ;
;                                             ;                   ;
; Combinational ALUT usage for logic          ; 163               ;
;     -- 7 input functions                    ; 1                 ;
;     -- 6 input functions                    ; 48                ;
;     -- 5 input functions                    ; 24                ;
;     -- 4 input functions                    ; 22                ;
;     -- <=3 input functions                  ; 68                ;
;                                             ;                   ;
; Dedicated logic registers                   ; 105               ;
;                                             ;                   ;
; I/O pins                                    ; 48                ;
;                                             ;                   ;
; Total DSP Blocks                            ; 0                 ;
;                                             ;                   ;
; Maximum fan-out node                        ; clk_segment~input ;
; Maximum fan-out                             ; 59                ;
; Total fan-out                               ; 1052              ;
; Average fan-out                             ; 2.68              ;
+---------------------------------------------+-------------------+


+------------------------------------------------------------------------------------------------------------------------------------------------------------------------------------------+
; Analysis & Synthesis Resource Utilization by Entity                                                                                                                                      ;
+----------------------------+---------------------+---------------------------+-------------------+------------+------+--------------+---------------------+---------------+--------------+
; Compilation Hierarchy Node ; Combinational ALUTs ; Dedicated Logic Registers ; Block Memory Bits ; DSP Blocks ; Pins ; Virtual Pins ; Full Hierarchy Name ; Entity Name   ; Library Name ;
+----------------------------+---------------------+---------------------------+-------------------+------------+------+--------------+---------------------+---------------+--------------+
; |leds_segments             ; 163 (163)           ; 105 (105)                 ; 0                 ; 0          ; 48   ; 0            ; |leds_segments      ; leds_segments ; work         ;
+----------------------------+---------------------+---------------------------+-------------------+------------+------+--------------+---------------------+---------------+--------------+
Note: For table entries with two numbers listed, the numbers in parentheses indicate the number of resources of the given type used by the specific entity alone. The numbers listed outside of parentheses indicate the total resources of the given type used by the specific entity and all of its sub-entities in the hierarchy.


+------------------------------------------------------+
; General Register Statistics                          ;
+----------------------------------------------+-------+
; Statistic                                    ; Value ;
+----------------------------------------------+-------+
; Total registers                              ; 105   ;
; Number of registers using Synchronous Clear  ; 53    ;
; Number of registers using Synchronous Load   ; 0     ;
; Number of registers using Asynchronous Clear ; 0     ;
; Number of registers using Asynchronous Load  ; 0     ;
; Number of registers using Clock Enable       ; 20    ;
; Number of registers using Preset             ; 0     ;
+----------------------------------------------+-------+


+--------------------------------------------------+
; Inverted Register Statistics                     ;
+----------------------------------------+---------+
; Inverted Register                      ; Fan out ;
+----------------------------------------+---------+
; initilizer                             ; 10      ;
; Total number of inverted registers = 1 ;         ;
+----------------------------------------+---------+


+-----------------------------------------------------------------------------------------------------------------------------------------------+
; Multiplexer Restructuring Statistics (Restructuring Performed)                                                                                ;
+--------------------+-----------+---------------+----------------------+------------------------+------------+---------------------------------+
; Multiplexer Inputs ; Bus Width ; Baseline Area ; Area if Restructured ; Saving if Restructured ; Registered ; Example Multiplexer Output      ;
+--------------------+-----------+---------------+----------------------+------------------------+------------+---------------------------------+
; 3:1                ; 7 bits    ; 14 LEs        ; 14 LEs               ; 0 LEs                  ; Yes        ; |leds_segments|segment0[6]~reg0 ;
; 3:1                ; 7 bits    ; 14 LEs        ; 14 LEs               ; 0 LEs                  ; Yes        ; |leds_segments|segment1[6]~reg0 ;
; 3:1                ; 7 bits    ; 14 LEs        ; 14 LEs               ; 0 LEs                  ; Yes        ; |leds_segments|segment2[6]~reg0 ;
; 3:1                ; 7 bits    ; 14 LEs        ; 14 LEs               ; 0 LEs                  ; Yes        ; |leds_segments|segment3[3]~reg0 ;
+--------------------+-----------+---------------+----------------------+------------------------+------------+---------------------------------+


+-----------------------------------------------------+
; Post-Synthesis Netlist Statistics for Top Partition ;
+-----------------------+-----------------------------+
; Type                  ; Count                       ;
+-----------------------+-----------------------------+
; arriav_ff             ; 105                         ;
;     ENA               ; 20                          ;
;     SCLR              ; 53                          ;
;     plain             ; 32                          ;
; arriav_io_obuf        ; 28                          ;
; arriav_lcell_comb     ; 163                         ;
;     arith             ; 53                          ;
;         1 data inputs ; 52                          ;
;         2 data inputs ; 1                           ;
;     extend            ; 1                           ;
;         7 data inputs ; 1                           ;
;     normal            ; 109                         ;
;         1 data inputs ; 2                           ;
;         2 data inputs ; 2                           ;
;         3 data inputs ; 11                          ;
;         4 data inputs ; 22                          ;
;         5 data inputs ; 24                          ;
;         6 data inputs ; 48                          ;
; boundary_port         ; 48                          ;
;                       ;                             ;
; Max LUT depth         ; 4.00                        ;
; Average LUT depth     ; 2.51                        ;
+-----------------------+-----------------------------+


+-------------------------------+
; Elapsed Time Per Partition    ;
+----------------+--------------+
; Partition Name ; Elapsed Time ;
+----------------+--------------+
; Top            ; 00:00:04     ;
+----------------+--------------+


+-------------------------------+
; Analysis & Synthesis Messages ;
+-------------------------------+
Info: *******************************************************************
Info: Running Quartus Prime Analysis & Synthesis
    Info: Version 20.1.1 Build 720 11/11/2020 SJ Lite Edition
    Info: Processing started: Fri Jun 11 19:01:57 2021
Info: Command: quartus_map --read_settings_files=on --write_settings_files=off leds_segments -c leds_segments
Warning (18236): Number of processors has not been specified which may cause overloading on shared machines.  Set the global assignment NUM_PARALLEL_PROCESSORS in your QSF to an appropriate value for best performance.
Info (20030): Parallel compilation is enabled and will use 4 of the 4 processors detected
Info (12021): Found 2 design units, including 1 entities, in source file leds_segments.vhd
    Info (12022): Found design unit 1: leds_segments-leds_segments_arc File: D:/intelFPGA_lite/Workspace/leds_segments/leds_segments.vhd Line: 40
    Info (12023): Found entity 1: leds_segments File: D:/intelFPGA_lite/Workspace/leds_segments/leds_segments.vhd Line: 10
Info (12127): Elaborating entity "leds_segments" for the top level hierarchy
Warning (13034): The following nodes have both tri-state and non-tri-state drivers
    Warning (13035): Inserted always-enabled tri-state buffer between "segment0[6]" and its non-tri-state driver. File: D:/intelFPGA_lite/Workspace/leds_segments/leds_segments.vhd Line: 87
    Warning (13035): Inserted always-enabled tri-state buffer between "segment0[5]" and its non-tri-state driver. File: D:/intelFPGA_lite/Workspace/leds_segments/leds_segments.vhd Line: 87
    Warning (13035): Inserted always-enabled tri-state buffer between "segment0[4]" and its non-tri-state driver. File: D:/intelFPGA_lite/Workspace/leds_segments/leds_segments.vhd Line: 87
    Warning (13035): Inserted always-enabled tri-state buffer between "segment0[3]" and its non-tri-state driver. File: D:/intelFPGA_lite/Workspace/leds_segments/leds_segments.vhd Line: 87
    Warning (13035): Inserted always-enabled tri-state buffer between "segment0[2]" and its non-tri-state driver. File: D:/intelFPGA_lite/Workspace/leds_segments/leds_segments.vhd Line: 87
    Warning (13035): Inserted always-enabled tri-state buffer between "segment0[1]" and its non-tri-state driver. File: D:/intelFPGA_lite/Workspace/leds_segments/leds_segments.vhd Line: 87
    Warning (13035): Inserted always-enabled tri-state buffer between "segment0[0]" and its non-tri-state driver. File: D:/intelFPGA_lite/Workspace/leds_segments/leds_segments.vhd Line: 87
    Warning (13035): Inserted always-enabled tri-state buffer between "segment1[6]" and its non-tri-state driver. File: D:/intelFPGA_lite/Workspace/leds_segments/leds_segments.vhd Line: 87
    Warning (13035): Inserted always-enabled tri-state buffer between "segment1[5]" and its non-tri-state driver. File: D:/intelFPGA_lite/Workspace/leds_segments/leds_segments.vhd Line: 87
    Warning (13035): Inserted always-enabled tri-state buffer between "segment1[4]" and its non-tri-state driver. File: D:/intelFPGA_lite/Workspace/leds_segments/leds_segments.vhd Line: 87
    Warning (13035): Inserted always-enabled tri-state buffer between "segment1[3]" and its non-tri-state driver. File: D:/intelFPGA_lite/Workspace/leds_segments/leds_segments.vhd Line: 87
    Warning (13035): Inserted always-enabled tri-state buffer between "segment1[2]" and its non-tri-state driver. File: D:/intelFPGA_lite/Workspace/leds_segments/leds_segments.vhd Line: 87
    Warning (13035): Inserted always-enabled tri-state buffer between "segment1[1]" and its non-tri-state driver. File: D:/intelFPGA_lite/Workspace/leds_segments/leds_segments.vhd Line: 87
    Warning (13035): Inserted always-enabled tri-state buffer between "segment1[0]" and its non-tri-state driver. File: D:/intelFPGA_lite/Workspace/leds_segments/leds_segments.vhd Line: 87
    Warning (13035): Inserted always-enabled tri-state buffer between "segment2[6]" and its non-tri-state driver. File: D:/intelFPGA_lite/Workspace/leds_segments/leds_segments.vhd Line: 87
    Warning (13035): Inserted always-enabled tri-state buffer between "segment2[5]" and its non-tri-state driver. File: D:/intelFPGA_lite/Workspace/leds_segments/leds_segments.vhd Line: 87
    Warning (13035): Inserted always-enabled tri-state buffer between "segment2[4]" and its non-tri-state driver. File: D:/intelFPGA_lite/Workspace/leds_segments/leds_segments.vhd Line: 87
    Warning (13035): Inserted always-enabled tri-state buffer between "segment2[3]" and its non-tri-state driver. File: D:/intelFPGA_lite/Workspace/leds_segments/leds_segments.vhd Line: 87
    Warning (13035): Inserted always-enabled tri-state buffer between "segment2[2]" and its non-tri-state driver. File: D:/intelFPGA_lite/Workspace/leds_segments/leds_segments.vhd Line: 87
    Warning (13035): Inserted always-enabled tri-state buffer between "segment2[1]" and its non-tri-state driver. File: D:/intelFPGA_lite/Workspace/leds_segments/leds_segments.vhd Line: 87
    Warning (13035): Inserted always-enabled tri-state buffer between "segment2[0]" and its non-tri-state driver. File: D:/intelFPGA_lite/Workspace/leds_segments/leds_segments.vhd Line: 87
    Warning (13035): Inserted always-enabled tri-state buffer between "segment3[6]" and its non-tri-state driver. File: D:/intelFPGA_lite/Workspace/leds_segments/leds_segments.vhd Line: 87
    Warning (13035): Inserted always-enabled tri-state buffer between "segment3[5]" and its non-tri-state driver. File: D:/intelFPGA_lite/Workspace/leds_segments/leds_segments.vhd Line: 87
    Warning (13035): Inserted always-enabled tri-state buffer between "segment3[4]" and its non-tri-state driver. File: D:/intelFPGA_lite/Workspace/leds_segments/leds_segments.vhd Line: 87
    Warning (13035): Inserted always-enabled tri-state buffer between "segment3[3]" and its non-tri-state driver. File: D:/intelFPGA_lite/Workspace/leds_segments/leds_segments.vhd Line: 87
    Warning (13035): Inserted always-enabled tri-state buffer between "segment3[2]" and its non-tri-state driver. File: D:/intelFPGA_lite/Workspace/leds_segments/leds_segments.vhd Line: 87
    Warning (13035): Inserted always-enabled tri-state buffer between "segment3[1]" and its non-tri-state driver. File: D:/intelFPGA_lite/Workspace/leds_segments/leds_segments.vhd Line: 87
    Warning (13035): Inserted always-enabled tri-state buffer between "segment3[0]" and its non-tri-state driver. File: D:/intelFPGA_lite/Workspace/leds_segments/leds_segments.vhd Line: 87
Info (13060): One or more bidirectional pins are fed by always enabled tri-state buffers
    Info (13061): Fan-out of permanently enabled tri-state buffer feeding bidirectional pin "segment0[6]" is moved to its source File: D:/intelFPGA_lite/Workspace/leds_segments/leds_segments.vhd Line: 87
    Info (13061): Fan-out of permanently enabled tri-state buffer feeding bidirectional pin "segment0[5]" is moved to its source File: D:/intelFPGA_lite/Workspace/leds_segments/leds_segments.vhd Line: 87
    Info (13061): Fan-out of permanently enabled tri-state buffer feeding bidirectional pin "segment0[4]" is moved to its source File: D:/intelFPGA_lite/Workspace/leds_segments/leds_segments.vhd Line: 87
    Info (13061): Fan-out of permanently enabled tri-state buffer feeding bidirectional pin "segment0[3]" is moved to its source File: D:/intelFPGA_lite/Workspace/leds_segments/leds_segments.vhd Line: 87
    Info (13061): Fan-out of permanently enabled tri-state buffer feeding bidirectional pin "segment0[2]" is moved to its source File: D:/intelFPGA_lite/Workspace/leds_segments/leds_segments.vhd Line: 87
    Info (13061): Fan-out of permanently enabled tri-state buffer feeding bidirectional pin "segment0[1]" is moved to its source File: D:/intelFPGA_lite/Workspace/leds_segments/leds_segments.vhd Line: 87
    Info (13061): Fan-out of permanently enabled tri-state buffer feeding bidirectional pin "segment0[0]" is moved to its source File: D:/intelFPGA_lite/Workspace/leds_segments/leds_segments.vhd Line: 87
    Info (13061): Fan-out of permanently enabled tri-state buffer feeding bidirectional pin "segment1[6]" is moved to its source File: D:/intelFPGA_lite/Workspace/leds_segments/leds_segments.vhd Line: 87
    Info (13061): Fan-out of permanently enabled tri-state buffer feeding bidirectional pin "segment1[5]" is moved to its source File: D:/intelFPGA_lite/Workspace/leds_segments/leds_segments.vhd Line: 87
    Info (13061): Fan-out of permanently enabled tri-state buffer feeding bidirectional pin "segment1[4]" is moved to its source File: D:/intelFPGA_lite/Workspace/leds_segments/leds_segments.vhd Line: 87
    Info (13061): Fan-out of permanently enabled tri-state buffer feeding bidirectional pin "segment1[3]" is moved to its source File: D:/intelFPGA_lite/Workspace/leds_segments/leds_segments.vhd Line: 87
    Info (13061): Fan-out of permanently enabled tri-state buffer feeding bidirectional pin "segment1[2]" is moved to its source File: D:/intelFPGA_lite/Workspace/leds_segments/leds_segments.vhd Line: 87
    Info (13061): Fan-out of permanently enabled tri-state buffer feeding bidirectional pin "segment1[1]" is moved to its source File: D:/intelFPGA_lite/Workspace/leds_segments/leds_segments.vhd Line: 87
    Info (13061): Fan-out of permanently enabled tri-state buffer feeding bidirectional pin "segment1[0]" is moved to its source File: D:/intelFPGA_lite/Workspace/leds_segments/leds_segments.vhd Line: 87
    Info (13061): Fan-out of permanently enabled tri-state buffer feeding bidirectional pin "segment2[6]" is moved to its source File: D:/intelFPGA_lite/Workspace/leds_segments/leds_segments.vhd Line: 87
    Info (13061): Fan-out of permanently enabled tri-state buffer feeding bidirectional pin "segment2[5]" is moved to its source File: D:/intelFPGA_lite/Workspace/leds_segments/leds_segments.vhd Line: 87
    Info (13061): Fan-out of permanently enabled tri-state buffer feeding bidirectional pin "segment2[4]" is moved to its source File: D:/intelFPGA_lite/Workspace/leds_segments/leds_segments.vhd Line: 87
    Info (13061): Fan-out of permanently enabled tri-state buffer feeding bidirectional pin "segment2[3]" is moved to its source File: D:/intelFPGA_lite/Workspace/leds_segments/leds_segments.vhd Line: 87
    Info (13061): Fan-out of permanently enabled tri-state buffer feeding bidirectional pin "segment2[2]" is moved to its source File: D:/intelFPGA_lite/Workspace/leds_segments/leds_segments.vhd Line: 87
    Info (13061): Fan-out of permanently enabled tri-state buffer feeding bidirectional pin "segment2[1]" is moved to its source File: D:/intelFPGA_lite/Workspace/leds_segments/leds_segments.vhd Line: 87
    Info (13061): Fan-out of permanently enabled tri-state buffer feeding bidirectional pin "segment2[0]" is moved to its source File: D:/intelFPGA_lite/Workspace/leds_segments/leds_segments.vhd Line: 87
    Info (13061): Fan-out of permanently enabled tri-state buffer feeding bidirectional pin "segment3[6]" is moved to its source File: D:/intelFPGA_lite/Workspace/leds_segments/leds_segments.vhd Line: 87
    Info (13061): Fan-out of permanently enabled tri-state buffer feeding bidirectional pin "segment3[5]" is moved to its source File: D:/intelFPGA_lite/Workspace/leds_segments/leds_segments.vhd Line: 87
    Info (13061): Fan-out of permanently enabled tri-state buffer feeding bidirectional pin "segment3[4]" is moved to its source File: D:/intelFPGA_lite/Workspace/leds_segments/leds_segments.vhd Line: 87
    Info (13061): Fan-out of permanently enabled tri-state buffer feeding bidirectional pin "segment3[3]" is moved to its source File: D:/intelFPGA_lite/Workspace/leds_segments/leds_segments.vhd Line: 87
    Info (13061): Fan-out of permanently enabled tri-state buffer feeding bidirectional pin "segment3[2]" is moved to its source File: D:/intelFPGA_lite/Workspace/leds_segments/leds_segments.vhd Line: 87
    Info (13061): Fan-out of permanently enabled tri-state buffer feeding bidirectional pin "segment3[1]" is moved to its source File: D:/intelFPGA_lite/Workspace/leds_segments/leds_segments.vhd Line: 87
    Info (13061): Fan-out of permanently enabled tri-state buffer feeding bidirectional pin "segment3[0]" is moved to its source File: D:/intelFPGA_lite/Workspace/leds_segments/leds_segments.vhd Line: 87
Warning (13009): TRI or OPNDRN buffers permanently enabled
    Warning (13010): Node "segment0[6]~synth" File: D:/intelFPGA_lite/Workspace/leds_segments/leds_segments.vhd Line: 87
    Warning (13010): Node "segment0[5]~synth" File: D:/intelFPGA_lite/Workspace/leds_segments/leds_segments.vhd Line: 87
    Warning (13010): Node "segment0[4]~synth" File: D:/intelFPGA_lite/Workspace/leds_segments/leds_segments.vhd Line: 87
    Warning (13010): Node "segment0[3]~synth" File: D:/intelFPGA_lite/Workspace/leds_segments/leds_segments.vhd Line: 87
    Warning (13010): Node "segment0[2]~synth" File: D:/intelFPGA_lite/Workspace/leds_segments/leds_segments.vhd Line: 87
    Warning (13010): Node "segment0[1]~synth" File: D:/intelFPGA_lite/Workspace/leds_segments/leds_segments.vhd Line: 87
    Warning (13010): Node "segment0[0]~synth" File: D:/intelFPGA_lite/Workspace/leds_segments/leds_segments.vhd Line: 87
    Warning (13010): Node "segment1[6]~synth" File: D:/intelFPGA_lite/Workspace/leds_segments/leds_segments.vhd Line: 87
    Warning (13010): Node "segment1[5]~synth" File: D:/intelFPGA_lite/Workspace/leds_segments/leds_segments.vhd Line: 87
    Warning (13010): Node "segment1[4]~synth" File: D:/intelFPGA_lite/Workspace/leds_segments/leds_segments.vhd Line: 87
    Warning (13010): Node "segment1[3]~synth" File: D:/intelFPGA_lite/Workspace/leds_segments/leds_segments.vhd Line: 87
    Warning (13010): Node "segment1[2]~synth" File: D:/intelFPGA_lite/Workspace/leds_segments/leds_segments.vhd Line: 87
    Warning (13010): Node "segment1[1]~synth" File: D:/intelFPGA_lite/Workspace/leds_segments/leds_segments.vhd Line: 87
    Warning (13010): Node "segment1[0]~synth" File: D:/intelFPGA_lite/Workspace/leds_segments/leds_segments.vhd Line: 87
    Warning (13010): Node "segment2[6]~synth" File: D:/intelFPGA_lite/Workspace/leds_segments/leds_segments.vhd Line: 87
    Warning (13010): Node "segment2[5]~synth" File: D:/intelFPGA_lite/Workspace/leds_segments/leds_segments.vhd Line: 87
    Warning (13010): Node "segment2[4]~synth" File: D:/intelFPGA_lite/Workspace/leds_segments/leds_segments.vhd Line: 87
    Warning (13010): Node "segment2[3]~synth" File: D:/intelFPGA_lite/Workspace/leds_segments/leds_segments.vhd Line: 87
    Warning (13010): Node "segment2[2]~synth" File: D:/intelFPGA_lite/Workspace/leds_segments/leds_segments.vhd Line: 87
    Warning (13010): Node "segment2[1]~synth" File: D:/intelFPGA_lite/Workspace/leds_segments/leds_segments.vhd Line: 87
    Warning (13010): Node "segment2[0]~synth" File: D:/intelFPGA_lite/Workspace/leds_segments/leds_segments.vhd Line: 87
    Warning (13010): Node "segment3[6]~synth" File: D:/intelFPGA_lite/Workspace/leds_segments/leds_segments.vhd Line: 87
    Warning (13010): Node "segment3[5]~synth" File: D:/intelFPGA_lite/Workspace/leds_segments/leds_segments.vhd Line: 87
    Warning (13010): Node "segment3[4]~synth" File: D:/intelFPGA_lite/Workspace/leds_segments/leds_segments.vhd Line: 87
    Warning (13010): Node "segment3[3]~synth" File: D:/intelFPGA_lite/Workspace/leds_segments/leds_segments.vhd Line: 87
    Warning (13010): Node "segment3[2]~synth" File: D:/intelFPGA_lite/Workspace/leds_segments/leds_segments.vhd Line: 87
    Warning (13010): Node "segment3[1]~synth" File: D:/intelFPGA_lite/Workspace/leds_segments/leds_segments.vhd Line: 87
    Warning (13010): Node "segment3[0]~synth" File: D:/intelFPGA_lite/Workspace/leds_segments/leds_segments.vhd Line: 87
Info (286030): Timing-Driven Synthesis is running
Info (16010): Generating hard_block partition "hard_block:auto_generated_inst"
    Info (16011): Adding 0 node(s), including 0 DDIO, 0 PLL, 0 transceiver and 0 LCELL
Info (21057): Implemented 229 device resources after synthesis - the final resource count might be different
    Info (21058): Implemented 2 input pins
    Info (21059): Implemented 18 output pins
    Info (21060): Implemented 28 bidirectional pins
    Info (21061): Implemented 181 logic cells
Info: Quartus Prime Analysis & Synthesis was successful. 0 errors, 59 warnings
    Info: Peak virtual memory: 4850 megabytes
    Info: Processing ended: Fri Jun 11 19:02:24 2021
    Info: Elapsed time: 00:00:27
    Info: Total CPU time (on all processors): 00:00:22


