Flow report for top
Wed Jun 09 14:55:23 2021
Quartus Prime Version 16.1.2 Build 203 01/18/2017 SJ Lite Edition


---------------------
; Table of Contents ;
---------------------
  1. Legal Notice
  2. Flow Summary
  3. Flow Settings
  4. Flow Non-Default Global Settings
  5. Flow Elapsed Time
  6. Flow OS Summary
  7. Flow Log
  8. Flow Messages
  9. Flow Suppressed Messages



----------------
; Legal Notice ;
----------------
Copyright (C) 2017  Intel Corporation. All rights reserved.
Your use of Intel Corporation's design tools, logic functions 
and other software and tools, and its AMPP partner logic 
functions, and any output files from any of the foregoing 
(including device programming or simulation files), and any 
associated documentation or information are expressly subject 
to the terms and conditions of the Intel Program License 
Subscription Agreement, the Intel Quartus Prime License Agreement,
the Intel MegaCore Function License Agreement, or other 
applicable license agreement, including, without limitation, 
that your use is for the sole purpose of programming logic 
devices manufactured by Intel and sold by Intel or its 
authorized distributors.  Please refer to the applicable 
agreement for further details.



+-------------------------------------------------------------------------------+
; Flow Summary                                                                  ;
+---------------------------------+---------------------------------------------+
; Flow Status                     ; Successful - Wed Jun 09 14:53:25 2021       ;
; Quartus Prime Version           ; 16.1.2 Build 203 01/18/2017 SJ Lite Edition ;
; Revision Name                   ; top                                         ;
; Top-level Entity Name           ; top                                         ;
; Family                          ; Cyclone V                                   ;
; Device                          ; 5CGXFC5C6F27C7                              ;
; Timing Models                   ; Final                                       ;
; Logic utilization (in ALMs)     ; 2,186 / 29,080 ( 8 % )                      ;
; Total registers                 ; 2779                                        ;
; Total pins                      ; 87 / 364 ( 24 % )                           ;
; Total virtual pins              ; 0                                           ;
; Total block memory bits         ; 199,168 / 4,567,040 ( 4 % )                 ;
; Total DSP Blocks                ; 0 / 150 ( 0 % )                             ;
; Total HSSI RX PCSs              ; 0 / 6 ( 0 % )                               ;
; Total HSSI PMA RX Deserializers ; 0 / 6 ( 0 % )                               ;
; Total HSSI TX PCSs              ; 0 / 6 ( 0 % )                               ;
; Total HSSI PMA TX Serializers   ; 0 / 6 ( 0 % )                               ;
; Total PLLs                      ; 2 / 12 ( 17 % )                             ;
; Total DLLs                      ; 1 / 4 ( 25 % )                              ;
+---------------------------------+---------------------------------------------+


+-----------------------------------------+
; Flow Settings                           ;
+-------------------+---------------------+
; Option            ; Setting             ;
+-------------------+---------------------+
; Start date & time ; 06/09/2021 14:46:25 ;
; Main task         ; Compilation         ;
; Revision Name     ; top                 ;
+-------------------+---------------------+


+-------------------------------------------------------------------------------------------------------------------------------------------------------------------------------+
; Flow Non-Default Global Settings                                                                                                                                              ;
+-------------------------------------+------------------------------------------------------------------------------------------+---------------+-------------+----------------+
; Assignment Name                     ; Value                                                                                    ; Default Value ; Entity Name ; Section Id     ;
+-------------------------------------+------------------------------------------------------------------------------------------+---------------+-------------+----------------+
; COMPILER_SIGNATURE_ID               ; 167300351458357.162323018007952                                                          ; --            ; --          ; --             ;
; EDA_OUTPUT_DATA_FORMAT              ; Vhdl                                                                                     ; --            ; --          ; eda_simulation ;
; EDA_SIMULATION_TOOL                 ; ModelSim-Altera (VHDL)                                                                   ; <None>        ; --          ; --             ;
; MAX_CORE_JUNCTION_TEMP              ; 85                                                                                       ; --            ; --          ; --             ;
; MIN_CORE_JUNCTION_TEMP              ; 0                                                                                        ; --            ; --          ; --             ;
; MISC_FILE                           ; LPDDR2.cmp                                                                               ; --            ; --          ; --             ;
; MISC_FILE                           ; LPDDR2_sim/LPDDR2.vhd                                                                    ; --            ; --          ; --             ;
; MISC_FILE                           ; LPDDR2_sim/LPDDR2/LPDDR2_0002.vhd                                                        ; --            ; --          ; --             ;
; MISC_FILE                           ; LPDDR2_sim/LPDDR2/mentor/altera_reset_controller.v                                       ; --            ; --          ; --             ;
; MISC_FILE                           ; LPDDR2_sim/LPDDR2/mentor/altera_reset_synchronizer.v                                     ; --            ; --          ; --             ;
; MISC_FILE                           ; LPDDR2_sim/LPDDR2/aldec/altera_reset_controller.v                                        ; --            ; --          ; --             ;
; MISC_FILE                           ; LPDDR2_sim/LPDDR2/aldec/altera_reset_synchronizer.v                                      ; --            ; --          ; --             ;
; MISC_FILE                           ; LPDDR2_sim/LPDDR2/LPDDR2_mm_interconnect_1.vhd                                           ; --            ; --          ; --             ;
; MISC_FILE                           ; LPDDR2_sim/LPDDR2/lpddr2_mm_interconnect_1_s0_seq_debug_agent_rsp_fifo.vhd               ; --            ; --          ; --             ;
; MISC_FILE                           ; LPDDR2_sim/LPDDR2/lpddr2_mm_interconnect_1_s0_seq_debug_agent_rdata_fifo.vhd             ; --            ; --          ; --             ;
; MISC_FILE                           ; LPDDR2_sim/LPDDR2/LPDDR2_mm_interconnect_1_avalon_st_adapter.vhd                         ; --            ; --          ; --             ;
; MISC_FILE                           ; LPDDR2_sim/LPDDR2/LPDDR2_mm_interconnect_1_avalon_st_adapter_error_adapter_0.sv          ; --            ; --          ; --             ;
; MISC_FILE                           ; LPDDR2_sim/LPDDR2/altera_avalon_st_handshake_clock_crosser.v                             ; --            ; --          ; --             ;
; MISC_FILE                           ; LPDDR2_sim/LPDDR2/altera_avalon_st_clock_crosser.v                                       ; --            ; --          ; --             ;
; MISC_FILE                           ; LPDDR2_sim/LPDDR2/altera_avalon_st_pipeline_base.v                                       ; --            ; --          ; --             ;
; MISC_FILE                           ; LPDDR2_sim/LPDDR2/altera_std_synchronizer_nocut.v                                        ; --            ; --          ; --             ;
; MISC_FILE                           ; LPDDR2_sim/LPDDR2/altera_avalon_st_handshake_clock_crosser.sdc                           ; --            ; --          ; --             ;
; MISC_FILE                           ; LPDDR2_sim/LPDDR2/LPDDR2_mm_interconnect_1_rsp_mux.sv                                    ; --            ; --          ; --             ;
; MISC_FILE                           ; LPDDR2_sim/LPDDR2/altera_merlin_arbitrator.sv                                            ; --            ; --          ; --             ;
; MISC_FILE                           ; LPDDR2_sim/LPDDR2/LPDDR2_mm_interconnect_1_rsp_demux.sv                                  ; --            ; --          ; --             ;
; MISC_FILE                           ; LPDDR2_sim/LPDDR2/LPDDR2_mm_interconnect_1_cmd_mux.sv                                    ; --            ; --          ; --             ;
; MISC_FILE                           ; LPDDR2_sim/LPDDR2/LPDDR2_mm_interconnect_1_cmd_demux_001.sv                              ; --            ; --          ; --             ;
; MISC_FILE                           ; LPDDR2_sim/LPDDR2/LPDDR2_mm_interconnect_1_cmd_demux.sv                                  ; --            ; --          ; --             ;
; MISC_FILE                           ; LPDDR2_sim/LPDDR2/LPDDR2_mm_interconnect_1_router_002.sv                                 ; --            ; --          ; --             ;
; MISC_FILE                           ; LPDDR2_sim/LPDDR2/LPDDR2_mm_interconnect_1_router.sv                                     ; --            ; --          ; --             ;
; MISC_FILE                           ; LPDDR2_sim/LPDDR2/altera_avalon_sc_fifo.v                                                ; --            ; --          ; --             ;
; MISC_FILE                           ; LPDDR2_sim/LPDDR2/mentor/altera_merlin_slave_agent.sv                                    ; --            ; --          ; --             ;
; MISC_FILE                           ; LPDDR2_sim/LPDDR2/mentor/altera_merlin_burst_uncompressor.sv                             ; --            ; --          ; --             ;
; MISC_FILE                           ; LPDDR2_sim/LPDDR2/aldec/altera_merlin_slave_agent.sv                                     ; --            ; --          ; --             ;
; MISC_FILE                           ; LPDDR2_sim/LPDDR2/aldec/altera_merlin_burst_uncompressor.sv                              ; --            ; --          ; --             ;
; MISC_FILE                           ; LPDDR2_sim/LPDDR2/mentor/altera_merlin_master_agent.sv                                   ; --            ; --          ; --             ;
; MISC_FILE                           ; LPDDR2_sim/LPDDR2/aldec/altera_merlin_master_agent.sv                                    ; --            ; --          ; --             ;
; MISC_FILE                           ; LPDDR2_sim/LPDDR2/mentor/altera_merlin_slave_translator.sv                               ; --            ; --          ; --             ;
; MISC_FILE                           ; LPDDR2_sim/LPDDR2/aldec/altera_merlin_slave_translator.sv                                ; --            ; --          ; --             ;
; MISC_FILE                           ; LPDDR2_sim/LPDDR2/altera_merlin_master_translator.sv                                     ; --            ; --          ; --             ;
; MISC_FILE                           ; LPDDR2_sim/LPDDR2/mentor/altera_mem_if_simple_avalon_mm_bridge.sv                        ; --            ; --          ; --             ;
; MISC_FILE                           ; LPDDR2_sim/LPDDR2/altera_mem_if_simple_avalon_mm_bridge.sv                               ; --            ; --          ; --             ;
; MISC_FILE                           ; LPDDR2_sim/LPDDR2/mentor/altera_mem_if_dll_cyclonev.sv                                   ; --            ; --          ; --             ;
; MISC_FILE                           ; LPDDR2_sim/LPDDR2/altera_mem_if_dll_cyclonev.sv                                          ; --            ; --          ; --             ;
; MISC_FILE                           ; LPDDR2_sim/LPDDR2/mentor/altera_mem_if_oct_cyclonev.sv                                   ; --            ; --          ; --             ;
; MISC_FILE                           ; LPDDR2_sim/LPDDR2/altera_mem_if_oct_cyclonev.sv                                          ; --            ; --          ; --             ;
; MISC_FILE                           ; LPDDR2_sim/LPDDR2/mentor/altera_mem_if_hard_memory_controller_top_cyclonev.sv            ; --            ; --          ; --             ;
; MISC_FILE                           ; LPDDR2_sim/LPDDR2/altera_mem_if_hard_memory_controller_top_cyclonev.sv                   ; --            ; --          ; --             ;
; MISC_FILE                           ; LPDDR2_sim/LPDDR2/LPDDR2_dmaster.vhd                                                     ; --            ; --          ; --             ;
; MISC_FILE                           ; LPDDR2_sim/LPDDR2/LPDDR2_dmaster_p2b_adapter.sv                                          ; --            ; --          ; --             ;
; MISC_FILE                           ; LPDDR2_sim/LPDDR2/LPDDR2_dmaster_b2p_adapter.sv                                          ; --            ; --          ; --             ;
; MISC_FILE                           ; LPDDR2_sim/LPDDR2/altera_avalon_packets_to_master.v                                      ; --            ; --          ; --             ;
; MISC_FILE                           ; LPDDR2_sim/LPDDR2/altera_avalon_st_packets_to_bytes.v                                    ; --            ; --          ; --             ;
; MISC_FILE                           ; LPDDR2_sim/LPDDR2/altera_avalon_st_bytes_to_packets.v                                    ; --            ; --          ; --             ;
; MISC_FILE                           ; LPDDR2_sim/LPDDR2/LPDDR2_dmaster_timing_adt.sv                                           ; --            ; --          ; --             ;
; MISC_FILE                           ; LPDDR2_sim/LPDDR2/altera_avalon_st_jtag_interface.v                                      ; --            ; --          ; --             ;
; MISC_FILE                           ; LPDDR2_sim/LPDDR2/altera_jtag_dc_streaming.v                                             ; --            ; --          ; --             ;
; MISC_FILE                           ; LPDDR2_sim/LPDDR2/altera_jtag_sld_node.v                                                 ; --            ; --          ; --             ;
; MISC_FILE                           ; LPDDR2_sim/LPDDR2/altera_jtag_streaming.v                                                ; --            ; --          ; --             ;
; MISC_FILE                           ; LPDDR2_sim/LPDDR2/altera_avalon_st_idle_remover.v                                        ; --            ; --          ; --             ;
; MISC_FILE                           ; LPDDR2_sim/LPDDR2/altera_avalon_st_idle_inserter.v                                       ; --            ; --          ; --             ;
; MISC_FILE                           ; LPDDR2_sim/LPDDR2/altera_avalon_st_pipeline_stage.sv                                     ; --            ; --          ; --             ;
; MISC_FILE                           ; LPDDR2_sim/LPDDR2/altera_avalon_st_jtag_interface.sdc                                    ; --            ; --          ; --             ;
; MISC_FILE                           ; LPDDR2_sim/LPDDR2/LPDDR2_s0_make_qsys_seq.tcl                                            ; --            ; --          ; --             ;
; MISC_FILE                           ; LPDDR2_sim/LPDDR2/LPDDR2_s0.vhd                                                          ; --            ; --          ; --             ;
; MISC_FILE                           ; LPDDR2_sim/LPDDR2/lpddr2_s0_seq_bridge.vhd                                               ; --            ; --          ; --             ;
; MISC_FILE                           ; LPDDR2_sim/LPDDR2/lpddr2_s0_trk_mm_bridge.vhd                                            ; --            ; --          ; --             ;
; MISC_FILE                           ; LPDDR2_sim/LPDDR2/altera_avalon_mm_bridge.v                                              ; --            ; --          ; --             ;
; MISC_FILE                           ; LPDDR2_sim/LPDDR2/altera_mem_if_sequencer_cpu_cv_sim_cpu_inst.v                          ; --            ; --          ; --             ;
; MISC_FILE                           ; LPDDR2_sim/LPDDR2/altera_mem_if_sequencer_cpu_cv_sim_cpu_inst_test_bench.v               ; --            ; --          ; --             ;
; MISC_FILE                           ; LPDDR2_sim/LPDDR2/altera_mem_if_sequencer_mem_no_ifdef_params.sv                         ; --            ; --          ; --             ;
; MISC_FILE                           ; LPDDR2_sim/LPDDR2/altera_mem_if_sequencer_rst.sv                                         ; --            ; --          ; --             ;
; MISC_FILE                           ; LPDDR2_sim/LPDDR2/LPDDR2_s0_irq_mapper.sv                                                ; --            ; --          ; --             ;
; MISC_FILE                           ; LPDDR2_sim/LPDDR2/LPDDR2_s0_mm_interconnect_0.vhd                                        ; --            ; --          ; --             ;
; MISC_FILE                           ; LPDDR2_sim/LPDDR2/LPDDR2_s0_mm_interconnect_0_avalon_st_adapter.vhd                      ; --            ; --          ; --             ;
; MISC_FILE                           ; LPDDR2_sim/LPDDR2/LPDDR2_s0_mm_interconnect_0_avalon_st_adapter_error_adapter_0.sv       ; --            ; --          ; --             ;
; MISC_FILE                           ; LPDDR2_sim/LPDDR2/LPDDR2_s0_mm_interconnect_0_cmd_demux.sv                               ; --            ; --          ; --             ;
; MISC_FILE                           ; LPDDR2_sim/LPDDR2/LPDDR2_s0_mm_interconnect_0_cmd_demux_001.sv                           ; --            ; --          ; --             ;
; MISC_FILE                           ; LPDDR2_sim/LPDDR2/LPDDR2_s0_mm_interconnect_0_cmd_demux_002.sv                           ; --            ; --          ; --             ;
; MISC_FILE                           ; LPDDR2_sim/LPDDR2/LPDDR2_s0_mm_interconnect_0_cmd_demux_003.sv                           ; --            ; --          ; --             ;
; MISC_FILE                           ; LPDDR2_sim/LPDDR2/LPDDR2_s0_mm_interconnect_0_cmd_mux.sv                                 ; --            ; --          ; --             ;
; MISC_FILE                           ; LPDDR2_sim/LPDDR2/LPDDR2_s0_mm_interconnect_0_cmd_mux_002.sv                             ; --            ; --          ; --             ;
; MISC_FILE                           ; LPDDR2_sim/LPDDR2/LPDDR2_s0_mm_interconnect_0_cmd_mux_003.sv                             ; --            ; --          ; --             ;
; MISC_FILE                           ; LPDDR2_sim/LPDDR2/lpddr2_s0_mm_interconnect_0_cpu_inst_data_master_translator.vhd        ; --            ; --          ; --             ;
; MISC_FILE                           ; LPDDR2_sim/LPDDR2/lpddr2_s0_mm_interconnect_0_cpu_inst_instruction_master_translator.vhd ; --            ; --          ; --             ;
; MISC_FILE                           ; LPDDR2_sim/LPDDR2/lpddr2_s0_mm_interconnect_0_hphy_bridge_s0_translator.vhd              ; --            ; --          ; --             ;
; MISC_FILE                           ; LPDDR2_sim/LPDDR2/LPDDR2_s0_mm_interconnect_0_router.sv                                  ; --            ; --          ; --             ;
; MISC_FILE                           ; LPDDR2_sim/LPDDR2/LPDDR2_s0_mm_interconnect_0_router_001.sv                              ; --            ; --          ; --             ;
; MISC_FILE                           ; LPDDR2_sim/LPDDR2/LPDDR2_s0_mm_interconnect_0_router_002.sv                              ; --            ; --          ; --             ;
; MISC_FILE                           ; LPDDR2_sim/LPDDR2/LPDDR2_s0_mm_interconnect_0_router_003.sv                              ; --            ; --          ; --             ;
; MISC_FILE                           ; LPDDR2_sim/LPDDR2/LPDDR2_s0_mm_interconnect_0_router_004.sv                              ; --            ; --          ; --             ;
; MISC_FILE                           ; LPDDR2_sim/LPDDR2/LPDDR2_s0_mm_interconnect_0_router_005.sv                              ; --            ; --          ; --             ;
; MISC_FILE                           ; LPDDR2_sim/LPDDR2/LPDDR2_s0_mm_interconnect_0_router_007.sv                              ; --            ; --          ; --             ;
; MISC_FILE                           ; LPDDR2_sim/LPDDR2/LPDDR2_s0_mm_interconnect_0_router_008.sv                              ; --            ; --          ; --             ;
; MISC_FILE                           ; LPDDR2_sim/LPDDR2/LPDDR2_s0_mm_interconnect_0_router_009.sv                              ; --            ; --          ; --             ;
; MISC_FILE                           ; LPDDR2_sim/LPDDR2/LPDDR2_s0_mm_interconnect_0_router_010.sv                              ; --            ; --          ; --             ;
; MISC_FILE                           ; LPDDR2_sim/LPDDR2/LPDDR2_s0_mm_interconnect_0_rsp_demux_002.sv                           ; --            ; --          ; --             ;
; MISC_FILE                           ; LPDDR2_sim/LPDDR2/LPDDR2_s0_mm_interconnect_0_rsp_mux.sv                                 ; --            ; --          ; --             ;
; MISC_FILE                           ; LPDDR2_sim/LPDDR2/LPDDR2_s0_mm_interconnect_0_rsp_mux_001.sv                             ; --            ; --          ; --             ;
; MISC_FILE                           ; LPDDR2_sim/LPDDR2/LPDDR2_s0_mm_interconnect_0_rsp_mux_002.sv                             ; --            ; --          ; --             ;
; MISC_FILE                           ; LPDDR2_sim/LPDDR2/lpddr2_s0_mm_interconnect_0_sequencer_mem_s1_translator.vhd            ; --            ; --          ; --             ;
; MISC_FILE                           ; LPDDR2_sim/LPDDR2/lpddr2_s0_mm_interconnect_0_sequencer_reg_file_inst_avl_translator.vhd ; --            ; --          ; --             ;
; MISC_FILE                           ; LPDDR2_sim/LPDDR2/lpddr2_s0_mm_interconnect_0_sequencer_scc_mgr_inst_avl_translator.vhd  ; --            ; --          ; --             ;
; MISC_FILE                           ; LPDDR2_sim/LPDDR2/lpddr2_s0_mm_interconnect_0_sequencer_trk_mgr_inst_trkm_translator.vhd ; --            ; --          ; --             ;
; MISC_FILE                           ; LPDDR2_sim/LPDDR2/lpddr2_s0_mm_interconnect_0_sequencer_trk_mgr_inst_trks_translator.vhd ; --            ; --          ; --             ;
; MISC_FILE                           ; LPDDR2_sim/LPDDR2/lpddr2_s0_mm_interconnect_0_seq_bridge_m0_translator.vhd               ; --            ; --          ; --             ;
; MISC_FILE                           ; LPDDR2_sim/LPDDR2/lpddr2_s0_mm_interconnect_0_trk_mm_bridge_m0_translator.vhd            ; --            ; --          ; --             ;
; MISC_FILE                           ; LPDDR2_sim/LPDDR2/lpddr2_s0_mm_interconnect_0_trk_mm_bridge_s0_translator.vhd            ; --            ; --          ; --             ;
; MISC_FILE                           ; LPDDR2_sim/LPDDR2/sequencer_reg_file.sv                                                  ; --            ; --          ; --             ;
; MISC_FILE                           ; LPDDR2_sim/LPDDR2/sequencer_scc_acv_phase_decode.v                                       ; --            ; --          ; --             ;
; MISC_FILE                           ; LPDDR2_sim/LPDDR2/sequencer_scc_acv_wrapper.sv                                           ; --            ; --          ; --             ;
; MISC_FILE                           ; LPDDR2_sim/LPDDR2/sequencer_scc_mgr.sv                                                   ; --            ; --          ; --             ;
; MISC_FILE                           ; LPDDR2_sim/LPDDR2/sequencer_scc_reg_file.v                                               ; --            ; --          ; --             ;
; MISC_FILE                           ; LPDDR2_sim/LPDDR2/sequencer_scc_siii_phase_decode.v                                      ; --            ; --          ; --             ;
; MISC_FILE                           ; LPDDR2_sim/LPDDR2/sequencer_scc_siii_wrapper.sv                                          ; --            ; --          ; --             ;
; MISC_FILE                           ; LPDDR2_sim/LPDDR2/sequencer_scc_sv_phase_decode.v                                        ; --            ; --          ; --             ;
; MISC_FILE                           ; LPDDR2_sim/LPDDR2/sequencer_scc_sv_wrapper.sv                                            ; --            ; --          ; --             ;
; MISC_FILE                           ; LPDDR2_sim/LPDDR2/sequencer_trk_mgr.sv                                                   ; --            ; --          ; --             ;
; MISC_FILE                           ; LPDDR2_sim/LPDDR2/aldec/altera_merlin_traffic_limiter.sv                                 ; --            ; --          ; --             ;
; MISC_FILE                           ; LPDDR2_sim/LPDDR2/mentor/altera_mem_if_sequencer_cpu_cv_sim_cpu_inst.v                   ; --            ; --          ; --             ;
; MISC_FILE                           ; LPDDR2_sim/LPDDR2/mentor/altera_mem_if_sequencer_cpu_cv_sim_cpu_inst_test_bench.v        ; --            ; --          ; --             ;
; MISC_FILE                           ; LPDDR2_sim/LPDDR2/mentor/altera_mem_if_sequencer_mem_no_ifdef_params.sv                  ; --            ; --          ; --             ;
; MISC_FILE                           ; LPDDR2_sim/LPDDR2/mentor/altera_mem_if_sequencer_rst.sv                                  ; --            ; --          ; --             ;
; MISC_FILE                           ; LPDDR2_sim/LPDDR2/mentor/altera_merlin_traffic_limiter.sv                                ; --            ; --          ; --             ;
; MISC_FILE                           ; LPDDR2_sim/LPDDR2/mentor/sequencer_reg_file.sv                                           ; --            ; --          ; --             ;
; MISC_FILE                           ; LPDDR2_sim/LPDDR2/mentor/sequencer_scc_acv_phase_decode.v                                ; --            ; --          ; --             ;
; MISC_FILE                           ; LPDDR2_sim/LPDDR2/mentor/sequencer_scc_acv_wrapper.sv                                    ; --            ; --          ; --             ;
; MISC_FILE                           ; LPDDR2_sim/LPDDR2/mentor/sequencer_scc_mgr.sv                                            ; --            ; --          ; --             ;
; MISC_FILE                           ; LPDDR2_sim/LPDDR2/mentor/sequencer_scc_reg_file.v                                        ; --            ; --          ; --             ;
; MISC_FILE                           ; LPDDR2_sim/LPDDR2/mentor/sequencer_scc_siii_phase_decode.v                               ; --            ; --          ; --             ;
; MISC_FILE                           ; LPDDR2_sim/LPDDR2/mentor/sequencer_scc_siii_wrapper.sv                                   ; --            ; --          ; --             ;
; MISC_FILE                           ; LPDDR2_sim/LPDDR2/mentor/sequencer_scc_sv_phase_decode.v                                 ; --            ; --          ; --             ;
; MISC_FILE                           ; LPDDR2_sim/LPDDR2/mentor/sequencer_scc_sv_wrapper.sv                                     ; --            ; --          ; --             ;
; MISC_FILE                           ; LPDDR2_sim/LPDDR2/mentor/sequencer_trk_mgr.sv                                            ; --            ; --          ; --             ;
; MISC_FILE                           ; LPDDR2_sim/LPDDR2/LPDDR2_s0_AC_ROM.hex                                                   ; --            ; --          ; --             ;
; MISC_FILE                           ; LPDDR2_sim/LPDDR2/LPDDR2_s0_inst_ROM.hex                                                 ; --            ; --          ; --             ;
; MISC_FILE                           ; LPDDR2_sim/LPDDR2/LPDDR2_s0_sequencer_mem.hex                                            ; --            ; --          ; --             ;
; MISC_FILE                           ; LPDDR2_sim/LPDDR2/LPDDR2_p0.vho                                                          ; --            ; --          ; --             ;
; MISC_FILE                           ; LPDDR2_sim/LPDDR2/LPDDR2_p0_altdqdqs.vhd                                                 ; --            ; --          ; --             ;
; MISC_FILE                           ; LPDDR2_sim/LPDDR2/mentor/altdq_dqs2_acv_connect_to_hard_phy_cyclonev_lpddr2.sv           ; --            ; --          ; --             ;
; MISC_FILE                           ; LPDDR2_sim/LPDDR2/altdq_dqs2_acv_connect_to_hard_phy_cyclonev_lpddr2.sv                  ; --            ; --          ; --             ;
; MISC_FILE                           ; LPDDR2_sim/LPDDR2/LPDDR2_pll0.vho                                                        ; --            ; --          ; --             ;
; MISC_FILE                           ; LPDDR2_sim/LPDDR2/LPDDR2_pll0_sim_delay.vhd                                              ; --            ; --          ; --             ;
; MISC_FILE                           ; pll.cmp                                                                                  ; --            ; --          ; --             ;
; MISC_FILE                           ; pll_sim/pll.vho                                                                          ; --            ; --          ; --             ;
; PARTITION_COLOR                     ; -- (Not supported for targeted family)                                                   ; --            ; --          ; Top            ;
; PARTITION_FITTER_PRESERVATION_LEVEL ; -- (Not supported for targeted family)                                                   ; --            ; --          ; Top            ;
; PARTITION_NETLIST_TYPE              ; -- (Not supported for targeted family)                                                   ; --            ; --          ; Top            ;
; POWER_BOARD_THERMAL_MODEL           ; None (CONSERVATIVE)                                                                      ; --            ; --          ; --             ;
; POWER_PRESET_COOLING_SOLUTION       ; 23 MM HEAT SINK WITH 200 LFPM AIRFLOW                                                    ; --            ; --          ; --             ;
; PROJECT_OUTPUT_DIRECTORY            ; output_files                                                                             ; --            ; --          ; --             ;
; SLD_INFO                            ; QSYS_NAME LPDDR2 HAS_SOPCINFO 1                                                          ; --            ; LPDDR2      ; --             ;
; SOPCINFO_FILE                       ; LPDDR2.sopcinfo                                                                          ; --            ; --          ; --             ;
; SPD_FILE                            ; LPDDR2.spd                                                                               ; --            ; --          ; --             ;
; SPD_FILE                            ; pll.spd                                                                                  ; --            ; --          ; --             ;
; SYNTHESIS_ONLY_QIP                  ; On                                                                                       ; --            ; --          ; --             ;
; SYNTHESIS_ONLY_QIP                  ; On                                                                                       ; --            ; --          ; --             ;
; VHDL_INPUT_VERSION                  ; VHDL_2008                                                                                ; VHDL_1993     ; --          ; --             ;
; VHDL_SHOW_LMF_MAPPING_MESSAGES      ; Off                                                                                      ; --            ; --          ; --             ;
+-------------------------------------+------------------------------------------------------------------------------------------+---------------+-------------+----------------+


+-------------------------------------------------------------------------------------------------------------------------------+
; Flow Elapsed Time                                                                                                             ;
+---------------------------+--------------+-------------------------+---------------------+------------------------------------+
; Module Name               ; Elapsed Time ; Average Processors Used ; Peak Virtual Memory ; Total CPU Time (on all processors) ;
+---------------------------+--------------+-------------------------+---------------------+------------------------------------+
; Analysis & Synthesis      ; 00:02:07     ; 1.0                     ; 5219 MB             ; 00:02:09                           ;
; Fitter                    ; 00:04:44     ; 1.1                     ; 7633 MB             ; 00:06:37                           ;
; TimeQuest Timing Analyzer ; 00:01:44     ; 1.2                     ; 6378 MB             ; 00:01:59                           ;
; Total                     ; 00:08:35     ; --                      ; --                  ; 00:10:45                           ;
+---------------------------+--------------+-------------------------+---------------------+------------------------------------+


+-----------------------------------------------------------------------------------------+
; Flow OS Summary                                                                         ;
+---------------------------+------------------+------------+------------+----------------+
; Module Name               ; Machine Hostname ; OS Name    ; OS Version ; Processor type ;
+---------------------------+------------------+------------+------------+----------------+
; Analysis & Synthesis      ; YM-YM            ; Windows 10 ; 10.0       ; x86_64         ;
; Fitter                    ; YM-YM            ; Windows 10 ; 10.0       ; x86_64         ;
; TimeQuest Timing Analyzer ; YM-YM            ; Windows 10 ; 10.0       ; x86_64         ;
+---------------------------+------------------+------------+------------+----------------+


------------
; Flow Log ;
------------
quartus_map --read_settings_files=on --write_settings_files=off SDRAM -c top
quartus_fit --read_settings_files=off --write_settings_files=off SDRAM -c top
quartus_sta SDRAM -c top



